Using pre-set license
Built from '2021.3/staging' branch; Version is '2021.3.6f1 (7da38d85baf6) revision 8233869'; Using compiler version '192829333'; Build Type 'Release'
OS: 'Windows 10  (10.0.19044) 64bit Core' Language: 'en' Physical Memory: 16215 MB
BatchMode: 1, IsHumanControllingUs: 0, StartBugReporterOnCrash: 0, Is64bit: 1, IsPro: 1

COMMAND LINE ARGUMENTS:
C:\Program Files\Unity\Hub\Editor\2021.3.6f1\Editor\Unity.exe
-adb2
-batchMode
-noUpm
-name
AssetImportWorker2
-projectPath
C:/Users/rahil/Documents/ninja-game-new
-logFile
Logs/AssetImportWorker2.log
-srvPort
59318
Successfully changed project path to: C:/Users/rahil/Documents/ninja-game-new
C:/Users/rahil/Documents/ninja-game-new
[UnityMemory] Configuration Parameters - Can be set up in boot.config
    "memorysetup-bucket-allocator-granularity=16"
    "memorysetup-bucket-allocator-bucket-count=8"
    "memorysetup-bucket-allocator-block-size=33554432"
    "memorysetup-bucket-allocator-block-count=8"
    "memorysetup-main-allocator-block-size=16777216"
    "memorysetup-thread-allocator-block-size=16777216"
    "memorysetup-gfx-main-allocator-block-size=16777216"
    "memorysetup-gfx-thread-allocator-block-size=16777216"
    "memorysetup-cache-allocator-block-size=4194304"
    "memorysetup-typetree-allocator-block-size=2097152"
    "memorysetup-profiler-bucket-allocator-granularity=16"
    "memorysetup-profiler-bucket-allocator-bucket-count=8"
    "memorysetup-profiler-bucket-allocator-block-size=33554432"
    "memorysetup-profiler-bucket-allocator-block-count=8"
    "memorysetup-profiler-allocator-block-size=16777216"
    "memorysetup-profiler-editor-allocator-block-size=1048576"
    "memorysetup-temp-allocator-size-main=16777216"
    "memorysetup-job-temp-allocator-block-size=2097152"
    "memorysetup-job-temp-allocator-block-size-background=1048576"
    "memorysetup-job-temp-allocator-reduction-small-platforms=262144"
    "memorysetup-temp-allocator-size-background-worker=32768"
    "memorysetup-temp-allocator-size-job-worker=262144"
    "memorysetup-temp-allocator-size-preload-manager=33554432"
    "memorysetup-temp-allocator-size-nav-mesh-worker=65536"
    "memorysetup-temp-allocator-size-audio-worker=65536"
    "memorysetup-temp-allocator-size-cloud-worker=32768"
    "memorysetup-temp-allocator-size-gi-baking-worker=262144"
    "memorysetup-temp-allocator-size-gfx=262144"
Refreshing native plugins compatible for Editor in 121.97 ms, found 4 plugins.
Preloading 0 native plugins for Editor in 0.00 ms.
Initialize engine version: 2021.3.6f1 (7da38d85baf6)
[Subsystems] Discovering subsystems at path C:/Program Files/Unity/Hub/Editor/2021.3.6f1/Editor/Data/Resources/UnitySubsystems
[Subsystems] Discovering subsystems at path C:/Users/rahil/Documents/ninja-game-new/Assets
GfxDevice: creating device client; threaded=0; jobified=0
Direct3D:
    Version:  Direct3D 11.0 [level 11.1]
    Renderer: NVIDIA GeForce RTX 2060 (ID=0x1f15)
    Vendor:   NVIDIA
    VRAM:     5980 MB
    Driver:   31.0.15.1659
Initialize mono
Mono path[0] = 'C:/Program Files/Unity/Hub/Editor/2021.3.6f1/Editor/Data/Managed'
Mono path[1] = 'C:/Program Files/Unity/Hub/Editor/2021.3.6f1/Editor/Data/MonoBleedingEdge/lib/mono/unityjit-win32'
Mono config path = 'C:/Program Files/Unity/Hub/Editor/2021.3.6f1/Editor/Data/MonoBleedingEdge/etc'
Using monoOptions --debugger-agent=transport=dt_socket,embedding=1,server=y,suspend=n,address=127.0.0.1:56620
Begin MonoManager ReloadAssembly
Registering precompiled unity dll's ...
Register platform support module: C:/Program Files/Unity/Hub/Editor/2021.3.6f1/Editor/Data/PlaybackEngines/WebGLSupport/UnityEditor.WebGL.Extensions.dll
Register platform support module: C:/Program Files/Unity/Hub/Editor/2021.3.6f1/Editor/Data/PlaybackEngines/AndroidPlayer/UnityEditor.Android.Extensions.dll
Register platform support module: C:/Program Files/Unity/Hub/Editor/2021.3.6f1/Editor/Data/PlaybackEngines/iOSSupport/UnityEditor.iOS.Extensions.dll
Register platform support module: C:/Program Files/Unity/Hub/Editor/2021.3.6f1/Editor/Data/PlaybackEngines/WindowsStandaloneSupport/UnityEditor.WindowsStandalone.Extensions.dll
Registered in 0.012240 seconds.
Native extension for WindowsStandalone target not found
[usbmuxd] Start listen thread
[usbmuxd] Listen thread started
Native extension for iOS target not found
Native extension for Android target not found
Native extension for WebGL target not found
Refreshing native plugins compatible for Editor in 91.13 ms, found 4 plugins.
Preloading 0 native plugins for Editor in 0.00 ms.
Mono: successfully reloaded assembly
- Completed reload, in  0.635 seconds
Domain Reload Profiling:
	ReloadAssembly (636ms)
		BeginReloadAssembly (70ms)
			ExecutionOrderSort (0ms)
			DisableScriptedObjects (0ms)
			BackupInstance (0ms)
			ReleaseScriptingObjects (0ms)
			CreateAndSetChildDomain (1ms)
		EndReloadAssembly (457ms)
			LoadAssemblies (68ms)
			RebuildTransferFunctionScriptingTraits (0ms)
			SetupTypeCache (94ms)
			ReleaseScriptCaches (0ms)
			RebuildScriptCaches (25ms)
			SetupLoadedEditorAssemblies (291ms)
				LogAssemblyErrors (0ms)
				InitializePlatformSupportModulesInManaged (69ms)
				SetLoadedEditorAssemblies (0ms)
				RefreshPlugins (91ms)
				BeforeProcessingInitializeOnLoad (1ms)
				ProcessInitializeOnLoadAttributes (87ms)
				ProcessInitializeOnLoadMethodAttributes (43ms)
				AfterProcessingInitializeOnLoad (0ms)
				EditorAssembliesLoaded (0ms)
			ExecutionOrderSort2 (0ms)
			AwakeInstancesAfterBackupRestoration (0ms)
Platform modules already initialized, skipping
Registering precompiled user dll's ...
Registered in 0.010838 seconds.
Begin MonoManager ReloadAssembly
Symbol file LoadedFromMemory doesn't match image C:\Users\rahil\Documents\ninja-game-new\Library\PackageCache\com.unity.visualscripting@1.7.8\Editor\VisualScripting.Core\Dependencies\YamlDotNet\Unity.VisualScripting.YamlDotNet.dll
Symbol file LoadedFromMemory doesn't match image C:\Users\rahil\Documents\ninja-game-new\Library\PackageCache\com.unity.visualscripting@1.7.8\Editor\VisualScripting.Core\Dependencies\DotNetZip\Unity.VisualScripting.IonicZip.dll
Native extension for WindowsStandalone target not found
Native extension for iOS target not found
Native extension for Android target not found
Native extension for WebGL target not found
Refreshing native plugins compatible for Editor in 101.81 ms, found 4 plugins.
Preloading 0 native plugins for Editor in 0.00 ms.
Mono: successfully reloaded assembly
- Completed reload, in  1.364 seconds
Domain Reload Profiling:
	ReloadAssembly (1364ms)
		BeginReloadAssembly (236ms)
			ExecutionOrderSort (0ms)
			DisableScriptedObjects (6ms)
			BackupInstance (0ms)
			ReleaseScriptingObjects (0ms)
			CreateAndSetChildDomain (131ms)
		EndReloadAssembly (995ms)
			LoadAssemblies (105ms)
			RebuildTransferFunctionScriptingTraits (0ms)
			SetupTypeCache (254ms)
			ReleaseScriptCaches (1ms)
			RebuildScriptCaches (63ms)
			SetupLoadedEditorAssemblies (527ms)
				LogAssemblyErrors (0ms)
				InitializePlatformSupportModulesInManaged (27ms)
				SetLoadedEditorAssemblies (0ms)
				RefreshPlugins (102ms)
				BeforeProcessingInitializeOnLoad (113ms)
				ProcessInitializeOnLoadAttributes (229ms)
				ProcessInitializeOnLoadMethodAttributes (44ms)
				AfterProcessingInitializeOnLoad (12ms)
				EditorAssembliesLoaded (0ms)
			ExecutionOrderSort2 (0ms)
			AwakeInstancesAfterBackupRestoration (6ms)
Platform modules already initialized, skipping
========================================================================
Worker process is ready to serve import requests
Launched and connected shader compiler UnityShaderCompiler.exe after 0.04 seconds
Refreshing native plugins compatible for Editor in 1.45 ms, found 4 plugins.
Preloading 0 native plugins for Editor in 0.00 ms.
Unloading 4109 Unused Serialized files (Serialized files now loaded: 0)
Unloading 44 unused Assets / (222.8 KB). Loaded Objects now: 4564.
Memory consumption went from 154.6 MB to 154.3 MB.
Total: 3.898100 ms (FindLiveObjects: 0.316700 ms CreateObjectMapping: 0.383000 ms MarkObjects: 3.055300 ms  DeleteObjects: 0.141900 ms)

AssetImportParameters requested are different than current active one (requested -> active):
  custom:video-decoder-ogg-theora: a1e56fd34408186e4bbccfd4996cb3dc -> 
  custom:container-muxer-webm: aa71ff27fc2769a1b78a27578f13a17b -> 
  custom:container-demuxer-webm: 4f35f7cbe854078d1ac9338744f61a02 -> 
  custom:video-encoder-webm-vp8: eb34c28f22e8b96e1ab97ce403110664 -> 
  custom:audio-encoder-webm-vorbis: bf7c407c2cedff20999df2af8eb42d56 -> 
  custom:framework-win-MediaFoundation: 216162199b28c13a410421893ffa2e32 -> 
  custom:container-demuxer-ogg: 62fdf1f143b41e24485cea50d1cbac27 -> 
  custom:video-decoder-webm-vp8: 9c59270c3fd7afecdb556c50c9e8de78 -> 
  custom:audio-decoder-ogg-vorbis: bf7c407c2cedff20999df2af8eb42d56 -> 
========================================================================
Received Import Request.
  Time since last request: 259271.427371 seconds.
  path: Assets/Enemies/Monster_Creatures/Monster_Creatures/Flying eye/Attack3.png
  artifactKey: Guid(b6dd7df03421584478e1d81f3eee970d) Importer(815301076,1909f56bfc062723c751e8b465ee728b)
Start importing Assets/Enemies/Monster_Creatures/Monster_Creatures/Flying eye/Attack3.png using Guid(b6dd7df03421584478e1d81f3eee970d) Importer(815301076,1909f56bfc062723c751e8b465ee728b)  -> (artifact id: '0848daf93ae53406b6018f2989d69c80') in 0.132433 seconds 
========================================================================
Received Prepare
Registering precompiled user dll's ...
Registered in 0.010148 seconds.
Begin MonoManager ReloadAssembly
Symbol file LoadedFromMemory doesn't match image C:\Users\rahil\Documents\ninja-game-new\Library\PackageCache\com.unity.visualscripting@1.7.8\Editor\VisualScripting.Core\Dependencies\YamlDotNet\Unity.VisualScripting.YamlDotNet.dll
Symbol file LoadedFromMemory doesn't match image C:\Users\rahil\Documents\ninja-game-new\Library\PackageCache\com.unity.visualscripting@1.7.8\Editor\VisualScripting.Core\Dependencies\DotNetZip\Unity.VisualScripting.IonicZip.dll
Native extension for WindowsStandalone target not found
Native extension for iOS target not found
Native extension for Android target not found
Native extension for WebGL target not found
Refreshing native plugins compatible for Editor in 1.46 ms, found 4 plugins.
Preloading 0 native plugins for Editor in 0.00 ms.
Mono: successfully reloaded assembly
- Completed reload, in  1.402 seconds
Domain Reload Profiling:
	ReloadAssembly (1403ms)
		BeginReloadAssembly (183ms)
			ExecutionOrderSort (0ms)
			DisableScriptedObjects (9ms)
			BackupInstance (0ms)
			ReleaseScriptingObjects (0ms)
			CreateAndSetChildDomain (57ms)
		EndReloadAssembly (1091ms)
			LoadAssemblies (132ms)
			RebuildTransferFunctionScriptingTraits (0ms)
			SetupTypeCache (357ms)
			ReleaseScriptCaches (3ms)
			RebuildScriptCaches (74ms)
			SetupLoadedEditorAssemblies (463ms)
				LogAssemblyErrors (0ms)
				InitializePlatformSupportModulesInManaged (47ms)
				SetLoadedEditorAssemblies (1ms)
				RefreshPlugins (2ms)
				BeforeProcessingInitializeOnLoad (103ms)
				ProcessInitializeOnLoadAttributes (250ms)
				ProcessInitializeOnLoadMethodAttributes (47ms)
				AfterProcessingInitializeOnLoad (13ms)
				EditorAssembliesLoaded (0ms)
			ExecutionOrderSort2 (0ms)
			AwakeInstancesAfterBackupRestoration (10ms)
Platform modules already initialized, skipping
Refreshing native plugins compatible for Editor in 4.03 ms, found 4 plugins.
Preloading 0 native plugins for Editor in 0.00 ms.
Unloading 4091 Unused Serialized files (Serialized files now loaded: 0)
Unloading 31 unused Assets / (190.1 KB). Loaded Objects now: 4573.
Memory consumption went from 157.6 MB to 157.4 MB.
Total: 4.699700 ms (FindLiveObjects: 0.563100 ms CreateObjectMapping: 0.261000 ms MarkObjects: 3.574300 ms  DeleteObjects: 0.299100 ms)

AssetImportParameters requested are different than current active one (requested -> active):
  custom:video-decoder-ogg-theora: a1e56fd34408186e4bbccfd4996cb3dc -> 
  custom:container-muxer-webm: aa71ff27fc2769a1b78a27578f13a17b -> 
  custom:container-demuxer-webm: 4f35f7cbe854078d1ac9338744f61a02 -> 
  custom:video-encoder-webm-vp8: eb34c28f22e8b96e1ab97ce403110664 -> 
  custom:audio-encoder-webm-vorbis: bf7c407c2cedff20999df2af8eb42d56 -> 
  custom:framework-win-MediaFoundation: 216162199b28c13a410421893ffa2e32 -> 
  custom:container-demuxer-ogg: 62fdf1f143b41e24485cea50d1cbac27 -> 
  custom:video-decoder-webm-vp8: 9c59270c3fd7afecdb556c50c9e8de78 -> 
  custom:audio-decoder-ogg-vorbis: bf7c407c2cedff20999df2af8eb42d56 -> 
========================================================================
Received Prepare
Registering precompiled user dll's ...
Registered in 0.010217 seconds.
Begin MonoManager ReloadAssembly
Symbol file LoadedFromMemory doesn't match image C:\Users\rahil\Documents\ninja-game-new\Library\PackageCache\com.unity.visualscripting@1.7.8\Editor\VisualScripting.Core\Dependencies\YamlDotNet\Unity.VisualScripting.YamlDotNet.dll
Symbol file LoadedFromMemory doesn't match image C:\Users\rahil\Documents\ninja-game-new\Library\PackageCache\com.unity.visualscripting@1.7.8\Editor\VisualScripting.Core\Dependencies\DotNetZip\Unity.VisualScripting.IonicZip.dll
Native extension for WindowsStandalone target not found
Native extension for iOS target not found
Native extension for Android target not found
Native extension for WebGL target not found
Refreshing native plugins compatible for Editor in 1.10 ms, found 4 plugins.
Preloading 0 native plugins for Editor in 0.00 ms.
Mono: successfully reloaded assembly
- Completed reload, in  1.311 seconds
Domain Reload Profiling:
	ReloadAssembly (1312ms)
		BeginReloadAssembly (183ms)
			ExecutionOrderSort (0ms)
			DisableScriptedObjects (8ms)
			BackupInstance (0ms)
			ReleaseScriptingObjects (0ms)
			CreateAndSetChildDomain (50ms)
		EndReloadAssembly (1000ms)
			LoadAssemblies (123ms)
			RebuildTransferFunctionScriptingTraits (0ms)
			SetupTypeCache (322ms)
			ReleaseScriptCaches (2ms)
			RebuildScriptCaches (57ms)
			SetupLoadedEditorAssemblies (457ms)
				LogAssemblyErrors (0ms)
				InitializePlatformSupportModulesInManaged (45ms)
				SetLoadedEditorAssemblies (1ms)
				RefreshPlugins (1ms)
				BeforeProcessingInitializeOnLoad (101ms)
				ProcessInitializeOnLoadAttributes (248ms)
				ProcessInitializeOnLoadMethodAttributes (49ms)
				AfterProcessingInitializeOnLoad (13ms)
				EditorAssembliesLoaded (0ms)
			ExecutionOrderSort2 (0ms)
			AwakeInstancesAfterBackupRestoration (10ms)
Platform modules already initialized, skipping
Refreshing native plugins compatible for Editor in 4.07 ms, found 4 plugins.
Preloading 0 native plugins for Editor in 0.00 ms.
Unloading 4091 Unused Serialized files (Serialized files now loaded: 0)
Unloading 31 unused Assets / (190.0 KB). Loaded Objects now: 4576.
Memory consumption went from 157.6 MB to 157.4 MB.
Total: 4.294400 ms (FindLiveObjects: 0.451400 ms CreateObjectMapping: 0.450600 ms MarkObjects: 3.130300 ms  DeleteObjects: 0.261000 ms)

AssetImportParameters requested are different than current active one (requested -> active):
  custom:video-decoder-ogg-theora: a1e56fd34408186e4bbccfd4996cb3dc -> 
  custom:container-muxer-webm: aa71ff27fc2769a1b78a27578f13a17b -> 
  custom:container-demuxer-webm: 4f35f7cbe854078d1ac9338744f61a02 -> 
  custom:video-encoder-webm-vp8: eb34c28f22e8b96e1ab97ce403110664 -> 
  custom:audio-encoder-webm-vorbis: bf7c407c2cedff20999df2af8eb42d56 -> 
  custom:framework-win-MediaFoundation: 216162199b28c13a410421893ffa2e32 -> 
  custom:container-demuxer-ogg: 62fdf1f143b41e24485cea50d1cbac27 -> 
  custom:video-decoder-webm-vp8: 9c59270c3fd7afecdb556c50c9e8de78 -> 
  custom:audio-decoder-ogg-vorbis: bf7c407c2cedff20999df2af8eb42d56 -> 
========================================================================
Received Import Request.
  Time since last request: 925.691318 seconds.
  path: Assets/My drawings/myPlayer.controller
  artifactKey: Guid(5754dcc87464aa84c975a810ba03a29c) Importer(815301076,1909f56bfc062723c751e8b465ee728b)
Start importing Assets/My drawings/myPlayer.controller using Guid(5754dcc87464aa84c975a810ba03a29c) Importer(815301076,1909f56bfc062723c751e8b465ee728b)  -> (artifact id: '41caab2a92716709d7e9b2ee712947e6') in 0.040735 seconds 
========================================================================
Received Prepare
Registering precompiled user dll's ...
Registered in 0.012936 seconds.
Begin MonoManager ReloadAssembly
Symbol file LoadedFromMemory doesn't match image C:\Users\rahil\Documents\ninja-game-new\Library\PackageCache\com.unity.visualscripting@1.7.8\Editor\VisualScripting.Core\Dependencies\YamlDotNet\Unity.VisualScripting.YamlDotNet.dll
Symbol file LoadedFromMemory doesn't match image C:\Users\rahil\Documents\ninja-game-new\Library\PackageCache\com.unity.visualscripting@1.7.8\Editor\VisualScripting.Core\Dependencies\DotNetZip\Unity.VisualScripting.IonicZip.dll
Native extension for WindowsStandalone target not found
Native extension for iOS target not found
Native extension for Android target not found
Native extension for WebGL target not found
Refreshing native plugins compatible for Editor in 1.03 ms, found 4 plugins.
Preloading 0 native plugins for Editor in 0.00 ms.
Mono: successfully reloaded assembly
- Completed reload, in  1.588 seconds
Domain Reload Profiling:
	ReloadAssembly (1589ms)
		BeginReloadAssembly (214ms)
			ExecutionOrderSort (0ms)
			DisableScriptedObjects (10ms)
			BackupInstance (0ms)
			ReleaseScriptingObjects (0ms)
			CreateAndSetChildDomain (60ms)
		EndReloadAssembly (1221ms)
			LoadAssemblies (161ms)
			RebuildTransferFunctionScriptingTraits (0ms)
			SetupTypeCache (388ms)
			ReleaseScriptCaches (4ms)
			RebuildScriptCaches (76ms)
			SetupLoadedEditorAssemblies (537ms)
				LogAssemblyErrors (0ms)
				InitializePlatformSupportModulesInManaged (52ms)
				SetLoadedEditorAssemblies (1ms)
				RefreshPlugins (1ms)
				BeforeProcessingInitializeOnLoad (114ms)
				ProcessInitializeOnLoadAttributes (299ms)
				ProcessInitializeOnLoadMethodAttributes (54ms)
				AfterProcessingInitializeOnLoad (15ms)
				EditorAssembliesLoaded (0ms)
			ExecutionOrderSort2 (0ms)
			AwakeInstancesAfterBackupRestoration (12ms)
Platform modules already initialized, skipping
Refreshing native plugins compatible for Editor in 5.15 ms, found 4 plugins.
Preloading 0 native plugins for Editor in 0.00 ms.
Unloading 4091 Unused Serialized files (Serialized files now loaded: 0)
Unloading 31 unused Assets / (190.3 KB). Loaded Objects now: 4579.
Memory consumption went from 157.6 MB to 157.4 MB.
Total: 6.632500 ms (FindLiveObjects: 0.347500 ms CreateObjectMapping: 0.416700 ms MarkObjects: 5.437300 ms  DeleteObjects: 0.429100 ms)

AssetImportParameters requested are different than current active one (requested -> active):
  custom:video-decoder-ogg-theora: a1e56fd34408186e4bbccfd4996cb3dc -> 
  custom:container-muxer-webm: aa71ff27fc2769a1b78a27578f13a17b -> 
  custom:container-demuxer-webm: 4f35f7cbe854078d1ac9338744f61a02 -> 
  custom:video-encoder-webm-vp8: eb34c28f22e8b96e1ab97ce403110664 -> 
  custom:audio-encoder-webm-vorbis: bf7c407c2cedff20999df2af8eb42d56 -> 
  custom:framework-win-MediaFoundation: 216162199b28c13a410421893ffa2e32 -> 
  custom:container-demuxer-ogg: 62fdf1f143b41e24485cea50d1cbac27 -> 
  custom:video-decoder-webm-vp8: 9c59270c3fd7afecdb556c50c9e8de78 -> 
  custom:audio-decoder-ogg-vorbis: bf7c407c2cedff20999df2af8eb42d56 -> 
========================================================================
Received Prepare
Registering precompiled user dll's ...
Registered in 0.014870 seconds.
Begin MonoManager ReloadAssembly
Symbol file LoadedFromMemory doesn't match image C:\Users\rahil\Documents\ninja-game-new\Library\PackageCache\com.unity.visualscripting@1.7.8\Editor\VisualScripting.Core\Dependencies\YamlDotNet\Unity.VisualScripting.YamlDotNet.dll
Symbol file LoadedFromMemory doesn't match image C:\Users\rahil\Documents\ninja-game-new\Library\PackageCache\com.unity.visualscripting@1.7.8\Editor\VisualScripting.Core\Dependencies\DotNetZip\Unity.VisualScripting.IonicZip.dll
Native extension for WindowsStandalone target not found
Native extension for iOS target not found
Native extension for Android target not found
Native extension for WebGL target not found
Refreshing native plugins compatible for Editor in 1.16 ms, found 4 plugins.
Preloading 0 native plugins for Editor in 0.00 ms.
Mono: successfully reloaded assembly
- Completed reload, in  1.534 seconds
Domain Reload Profiling:
	ReloadAssembly (1535ms)
		BeginReloadAssembly (174ms)
			ExecutionOrderSort (0ms)
			DisableScriptedObjects (7ms)
			BackupInstance (0ms)
			ReleaseScriptingObjects (0ms)
			CreateAndSetChildDomain (44ms)
		EndReloadAssembly (1174ms)
			LoadAssemblies (157ms)
			RebuildTransferFunctionScriptingTraits (0ms)
			SetupTypeCache (360ms)
			ReleaseScriptCaches (2ms)
			RebuildScriptCaches (61ms)
			SetupLoadedEditorAssemblies (523ms)
				LogAssemblyErrors (0ms)
				InitializePlatformSupportModulesInManaged (50ms)
				SetLoadedEditorAssemblies (2ms)
				RefreshPlugins (1ms)
				BeforeProcessingInitializeOnLoad (111ms)
				ProcessInitializeOnLoadAttributes (286ms)
				ProcessInitializeOnLoadMethodAttributes (57ms)
				AfterProcessingInitializeOnLoad (16ms)
				EditorAssembliesLoaded (0ms)
			ExecutionOrderSort2 (0ms)
			AwakeInstancesAfterBackupRestoration (12ms)
Platform modules already initialized, skipping
Refreshing native plugins compatible for Editor in 5.15 ms, found 4 plugins.
Preloading 0 native plugins for Editor in 0.00 ms.
Unloading 4091 Unused Serialized files (Serialized files now loaded: 0)
Unloading 31 unused Assets / (190.1 KB). Loaded Objects now: 4582.
Memory consumption went from 157.6 MB to 157.4 MB.
Total: 3.594700 ms (FindLiveObjects: 0.281700 ms CreateObjectMapping: 0.335600 ms MarkObjects: 2.815600 ms  DeleteObjects: 0.160800 ms)

AssetImportParameters requested are different than current active one (requested -> active):
  custom:video-decoder-ogg-theora: a1e56fd34408186e4bbccfd4996cb3dc -> 
  custom:container-muxer-webm: aa71ff27fc2769a1b78a27578f13a17b -> 
  custom:container-demuxer-webm: 4f35f7cbe854078d1ac9338744f61a02 -> 
  custom:video-encoder-webm-vp8: eb34c28f22e8b96e1ab97ce403110664 -> 
  custom:audio-encoder-webm-vorbis: bf7c407c2cedff20999df2af8eb42d56 -> 
  custom:framework-win-MediaFoundation: 216162199b28c13a410421893ffa2e32 -> 
  custom:container-demuxer-ogg: 62fdf1f143b41e24485cea50d1cbac27 -> 
  custom:video-decoder-webm-vp8: 9c59270c3fd7afecdb556c50c9e8de78 -> 
  custom:audio-decoder-ogg-vorbis: bf7c407c2cedff20999df2af8eb42d56 -> 
========================================================================
Received Import Request.
  Time since last request: 129.003837 seconds.
  path: Assets/My drawings/Ninja animation/New Animation.anim
  artifactKey: Guid(0424ee1cf59c72a4f954ca9d90d34693) Importer(815301076,1909f56bfc062723c751e8b465ee728b)
Start importing Assets/My drawings/Ninja animation/New Animation.anim using Guid(0424ee1cf59c72a4f954ca9d90d34693) Importer(815301076,1909f56bfc062723c751e8b465ee728b)  -> (artifact id: '5d857c2c4131afa7992ae791c8f56c8d') in 0.016359 seconds 
========================================================================
Received Import Request.
  Time since last request: 2.838557 seconds.
  path: Assets/My drawings/Ninja animation/Background.controller
  artifactKey: Guid(0c26d70105f8d2346b56b08686d36763) Importer(815301076,1909f56bfc062723c751e8b465ee728b)
Start importing Assets/My drawings/Ninja animation/Background.controller using Guid(0c26d70105f8d2346b56b08686d36763) Importer(815301076,1909f56bfc062723c751e8b465ee728b)  -> (artifact id: '2377898e051064160b1096a008a22e74') in 0.003048 seconds 
========================================================================
Received Import Request.
  Time since last request: 2.081091 seconds.
  path: Assets/My drawings/Ninja animation/attack2.anim
  artifactKey: Guid(ed7f99af2b7b2b04089e70eb53420973) Importer(815301076,1909f56bfc062723c751e8b465ee728b)
Start importing Assets/My drawings/Ninja animation/attack2.anim using Guid(ed7f99af2b7b2b04089e70eb53420973) Importer(815301076,1909f56bfc062723c751e8b465ee728b)  -> (artifact id: 'dccdb70f8090d0232b99e66e58643783') in 0.002723 seconds 
========================================================================
Received Import Request.
  Time since last request: 1.556345 seconds.
  path: Assets/My drawings/Ninja animation/Attack.anim
  artifactKey: Guid(d03a97be1455c8c43bbba092d6cee00a) Importer(815301076,1909f56bfc062723c751e8b465ee728b)
Start importing Assets/My drawings/Ninja animation/Attack.anim using Guid(d03a97be1455c8c43bbba092d6cee00a) Importer(815301076,1909f56bfc062723c751e8b465ee728b)  -> (artifact id: 'd9b689be1e09575915870482af6dbb11') in 0.002510 seconds 
========================================================================
Received Import Request.
  Time since last request: 11.623126 seconds.
  path: Assets/My drawings/Ninja animation/ninja attack sprites
  artifactKey: Guid(b1d98ceea15db3d4fbadc275e7bd6a15) Importer(815301076,1909f56bfc062723c751e8b465ee728b)
Start importing Assets/My drawings/Ninja animation/ninja attack sprites using Guid(b1d98ceea15db3d4fbadc275e7bd6a15) Importer(815301076,1909f56bfc062723c751e8b465ee728b)  -> (artifact id: '7dcbe9cbac1027f0be03112eefba27d7') in 0.002486 seconds 
========================================================================
Received Import Request.
  Time since last request: 9.570902 seconds.
  path: Assets/My drawings/Ninja animation/Animations
  artifactKey: Guid(af3d509aa904b8e4c8ea2d000a8ec794) Importer(815301076,1909f56bfc062723c751e8b465ee728b)
Start importing Assets/My drawings/Ninja animation/Animations using Guid(af3d509aa904b8e4c8ea2d000a8ec794) Importer(815301076,1909f56bfc062723c751e8b465ee728b)  -> (artifact id: 'fffeab204e8501d8903766b891aa7ca3') in 0.002533 seconds 
========================================================================
Received Import Request.
  Time since last request: 12.358309 seconds.
  path: Assets/My drawings/Ninja animation/Animations/Ninja attack
  artifactKey: Guid(fe3a617894fc68648810ade42a700905) Importer(815301076,1909f56bfc062723c751e8b465ee728b)
Start importing Assets/My drawings/Ninja animation/Animations/Ninja attack using Guid(fe3a617894fc68648810ade42a700905) Importer(815301076,1909f56bfc062723c751e8b465ee728b)  -> (artifact id: 'e8823a1dc70abc7032fb74e45d943b14') in 0.002644 seconds 
========================================================================
Received Import Request.
  Time since last request: 80.414529 seconds.
  path: Assets/My drawings/Ninja animation/ninja attack sprites/0.psd
  artifactKey: Guid(2b6de124f886a2c47942892bc647c75d) Importer(815301076,1909f56bfc062723c751e8b465ee728b)
Start importing Assets/My drawings/Ninja animation/ninja attack sprites/0.psd using Guid(2b6de124f886a2c47942892bc647c75d) Importer(815301076,1909f56bfc062723c751e8b465ee728b)  -> (artifact id: 'fc8398aebbcc45f799ed89579ecbf748') in 0.281865 seconds 
========================================================================
Received Import Request.
  Time since last request: 71.101506 seconds.
  path: Assets/My drawings/Ninja animation/ninja attack sprites/Materials
  artifactKey: Guid(4435fbc4b97a90743be3a600231d5192) Importer(815301076,1909f56bfc062723c751e8b465ee728b)
Start importing Assets/My drawings/Ninja animation/ninja attack sprites/Materials using Guid(4435fbc4b97a90743be3a600231d5192) Importer(815301076,1909f56bfc062723c751e8b465ee728b)  -> (artifact id: '9dc1e53072f073b8f8072269c0464617') in 0.002518 seconds 
========================================================================
Received Import Request.
  Time since last request: 1.338488 seconds.
  path: Assets/My drawings/Ninja animation/ninja attack sprites/Materials/0.mat
  artifactKey: Guid(b17ed67dd6680e944bac457201ea1456) Importer(815301076,1909f56bfc062723c751e8b465ee728b)
Start importing Assets/My drawings/Ninja animation/ninja attack sprites/Materials/0.mat using Guid(b17ed67dd6680e944bac457201ea1456) Importer(815301076,1909f56bfc062723c751e8b465ee728b)  -> (artifact id: 'c280f69a61798c00c70b45e09380dcba') in 0.049214 seconds 
========================================================================
Received Import Request.
  Time since last request: 297.404783 seconds.
  path: Assets/Enemies/Monster_Creatures/Monster_Creatures/Goblin/Attack3.png
  artifactKey: Guid(3611b8ff1b62a2e44a6e2abe14b0b681) Importer(815301076,1909f56bfc062723c751e8b465ee728b)
Start importing Assets/Enemies/Monster_Creatures/Monster_Creatures/Goblin/Attack3.png using Guid(3611b8ff1b62a2e44a6e2abe14b0b681) Importer(815301076,1909f56bfc062723c751e8b465ee728b)  -> (artifact id: 'cf297012216db8e6f1c77de18f664bd5') in 0.038567 seconds 
========================================================================
Received Import Request.
  Time since last request: 2.195252 seconds.
  path: Assets/Enemies/Monster_Creatures/Monster_Creatures/Skeleton/Attack3.png
  artifactKey: Guid(8e169bce700ec4a4bb41f1d4589c521b) Importer(815301076,1909f56bfc062723c751e8b465ee728b)
Start importing Assets/Enemies/Monster_Creatures/Monster_Creatures/Skeleton/Attack3.png using Guid(8e169bce700ec4a4bb41f1d4589c521b) Importer(815301076,1909f56bfc062723c751e8b465ee728b)  -> (artifact id: 'a6b44a8fd1d3251ad3ce69a4f0603ecb') in 0.020484 seconds 
========================================================================
Received Import Request.
  Time since last request: 0.974055 seconds.
  path: Assets/Enemies/Monster_Creatures/Monster_Creatures/Flying eye/projectile_sprite.png
  artifactKey: Guid(4787044fe658216428cf5093a71387f3) Importer(815301076,1909f56bfc062723c751e8b465ee728b)
Start importing Assets/Enemies/Monster_Creatures/Monster_Creatures/Flying eye/projectile_sprite.png using Guid(4787044fe658216428cf5093a71387f3) Importer(815301076,1909f56bfc062723c751e8b465ee728b)  -> (artifact id: '4d7a68c2b7ff2295b268972ee7501214') in 0.018556 seconds 
========================================================================
Received Import Request.
  Time since last request: 3.126963 seconds.
  path: Assets/Enemies/Monster_Creatures/Monster_Creatures/Mushroom/Projectile_sprite.png
  artifactKey: Guid(a798009ad60cc224eb85c8734c3cb7e3) Importer(815301076,1909f56bfc062723c751e8b465ee728b)
Start importing Assets/Enemies/Monster_Creatures/Monster_Creatures/Mushroom/Projectile_sprite.png using Guid(a798009ad60cc224eb85c8734c3cb7e3) Importer(815301076,1909f56bfc062723c751e8b465ee728b)  -> (artifact id: '77a47c7544aa37e0ad850f1914f6bcb5') in 0.020178 seconds 
========================================================================
Received Import Request.
  Time since last request: 0.494122 seconds.
  path: Assets/Mighty Heroes (Rogue) 2D Fantasy Characters Pack/Rogue/Rogue_boot_l_01.png
  artifactKey: Guid(6fa8902135d83ff49a376c05761b61d4) Importer(815301076,1909f56bfc062723c751e8b465ee728b)
Start importing Assets/Mighty Heroes (Rogue) 2D Fantasy Characters Pack/Rogue/Rogue_boot_l_01.png using Guid(6fa8902135d83ff49a376c05761b61d4) Importer(815301076,1909f56bfc062723c751e8b465ee728b)  -> (artifact id: '6bd47b423915518c9607fe1b0fa1eaf0') in 0.062334 seconds 
========================================================================
Received Import Request.
  Time since last request: 0.225823 seconds.
  path: Assets/Mighty Heroes (Rogue) 2D Fantasy Characters Pack/Rogue/Rogue_boot_l_04.png
  artifactKey: Guid(7b9383d96cedcd9409cc1f3d6d355cf6) Importer(815301076,1909f56bfc062723c751e8b465ee728b)
Start importing Assets/Mighty Heroes (Rogue) 2D Fantasy Characters Pack/Rogue/Rogue_boot_l_04.png using Guid(7b9383d96cedcd9409cc1f3d6d355cf6) Importer(815301076,1909f56bfc062723c751e8b465ee728b)  -> (artifact id: 'bb7d748a482b1b5fa286d695415f3629') in 0.052896 seconds 
========================================================================
Received Import Request.
  Time since last request: 0.044427 seconds.
  path: Assets/Mighty Heroes (Rogue) 2D Fantasy Characters Pack/Rogue/Rogue_boot_l_06.png
  artifactKey: Guid(add7b98e4870e9d4c8e1dd5e07e3de1c) Importer(815301076,1909f56bfc062723c751e8b465ee728b)
Start importing Assets/Mighty Heroes (Rogue) 2D Fantasy Characters Pack/Rogue/Rogue_boot_l_06.png using Guid(add7b98e4870e9d4c8e1dd5e07e3de1c) Importer(815301076,1909f56bfc062723c751e8b465ee728b)  -> (artifact id: 'eea1f86ec61bf1a017255f6f6ba47007') in 0.052208 seconds 
========================================================================
Received Import Request.
  Time since last request: 257.147860 seconds.
  path: Assets/My drawings/myPlayer.controller
  artifactKey: Guid(5754dcc87464aa84c975a810ba03a29c) Importer(815301076,1909f56bfc062723c751e8b465ee728b)
Start importing Assets/My drawings/myPlayer.controller using Guid(5754dcc87464aa84c975a810ba03a29c) Importer(815301076,1909f56bfc062723c751e8b465ee728b)  -> (artifact id: 'fa897f8f1e0c3852848152272fbbf1bb') in 0.003020 seconds 
========================================================================
Received Import Request.
  Time since last request: 40.946161 seconds.
  path: Assets/My drawings/Untitled - ‎30‎ ‎July‎ ‎2022 ‎17‎.‎20‎.‎15 (1).psd
  artifactKey: Guid(04557c35fa29f6148851c82f641989eb) Importer(815301076,1909f56bfc062723c751e8b465ee728b)
Start importing Assets/My drawings/Untitled - ‎30‎ ‎July‎ ‎2022 ‎17‎.‎20‎.‎15 (1).psd using Guid(04557c35fa29f6148851c82f641989eb) Importer(815301076,1909f56bfc062723c751e8b465ee728b)  -> (artifact id: '64dc689e86a1bdef15db4022122cec95') in 0.193138 seconds 
========================================================================
Received Import Request.
  Time since last request: 611.036697 seconds.
  path: Assets/My drawings/Ninja animation/Animations/Ninja attack/0.psd
  artifactKey: Guid(6c7da664bf10d8b469fce8aa97fc78b9) Importer(815301076,1909f56bfc062723c751e8b465ee728b)
Start importing Assets/My drawings/Ninja animation/Animations/Ninja attack/0.psd using Guid(6c7da664bf10d8b469fce8aa97fc78b9) Importer(815301076,1909f56bfc062723c751e8b465ee728b)  -> (artifact id: '028ad04e9fa8d62c86df324bf70266b2') in 0.215389 seconds 
========================================================================
Received Import Request.
  Time since last request: 0.000022 seconds.
  path: Assets/My drawings/Ninja animation/Animations/Ninja attack/3.psd
  artifactKey: Guid(afe031a9ffc98e94b9022890c6aafcb4) Importer(815301076,1909f56bfc062723c751e8b465ee728b)
Start importing Assets/My drawings/Ninja animation/Animations/Ninja attack/3.psd using Guid(afe031a9ffc98e94b9022890c6aafcb4) Importer(815301076,1909f56bfc062723c751e8b465ee728b)  -> (artifact id: '0cb9111153cca93b3bb52cdbdc22a262') in 0.176328 seconds 
========================================================================
Received Import Request.
  Time since last request: 1148.803289 seconds.
  path: Assets/My drawings/Ninja animation/Ninja idle sprites
  artifactKey: Guid(b3dcf9494e91962468767ae8586cc14a) Importer(815301076,1909f56bfc062723c751e8b465ee728b)
Start importing Assets/My drawings/Ninja animation/Ninja idle sprites using Guid(b3dcf9494e91962468767ae8586cc14a) Importer(815301076,1909f56bfc062723c751e8b465ee728b)  -> (artifact id: 'ccfc4c7a7ee6c7c4c2d5437e9b5d4eb8') in 0.002759 seconds 
========================================================================
Received Import Request.
  Time since last request: 14.686661 seconds.
  path: Assets/My drawings/Ninja animation/Ninja idle sprites/1.psd
  artifactKey: Guid(537bec95b01d4cd4ab767fd9a04890ed) Importer(815301076,1909f56bfc062723c751e8b465ee728b)
Start importing Assets/My drawings/Ninja animation/Ninja idle sprites/1.psd using Guid(537bec95b01d4cd4ab767fd9a04890ed) Importer(815301076,1909f56bfc062723c751e8b465ee728b)  -> (artifact id: '73a349dc350b6a54e4ad177e6e38f34f') in 0.457542 seconds 
========================================================================
Received Import Request.
  Time since last request: 0.000017 seconds.
  path: Assets/My drawings/Ninja animation/Ninja idle sprites/3.psd
  artifactKey: Guid(dea0b6559a2be8f4f9e0d13be2f420de) Importer(815301076,1909f56bfc062723c751e8b465ee728b)
Start importing Assets/My drawings/Ninja animation/Ninja idle sprites/3.psd using Guid(dea0b6559a2be8f4f9e0d13be2f420de) Importer(815301076,1909f56bfc062723c751e8b465ee728b)  -> (artifact id: '9da16d96635d79dfa335c8b605f7d6d8') in 0.210782 seconds 
========================================================================
Received Prepare
Registering precompiled user dll's ...
Registered in 0.010890 seconds.
Begin MonoManager ReloadAssembly
Symbol file LoadedFromMemory doesn't match image C:\Users\rahil\Documents\ninja-game-new\Library\PackageCache\com.unity.visualscripting@1.7.8\Editor\VisualScripting.Core\Dependencies\YamlDotNet\Unity.VisualScripting.YamlDotNet.dll
Symbol file LoadedFromMemory doesn't match image C:\Users\rahil\Documents\ninja-game-new\Library\PackageCache\com.unity.visualscripting@1.7.8\Editor\VisualScripting.Core\Dependencies\DotNetZip\Unity.VisualScripting.IonicZip.dll
Native extension for WindowsStandalone target not found
Native extension for iOS target not found
Native extension for Android target not found
Native extension for WebGL target not found
Refreshing native plugins compatible for Editor in 1.26 ms, found 4 plugins.
Preloading 0 native plugins for Editor in 0.00 ms.
Mono: successfully reloaded assembly
- Completed reload, in  1.642 seconds
Domain Reload Profiling:
	ReloadAssembly (1643ms)
		BeginReloadAssembly (297ms)
			ExecutionOrderSort (0ms)
			DisableScriptedObjects (19ms)
			BackupInstance (0ms)
			ReleaseScriptingObjects (0ms)
			CreateAndSetChildDomain (116ms)
		EndReloadAssembly (1195ms)
			LoadAssemblies (190ms)
			RebuildTransferFunctionScriptingTraits (0ms)
			SetupTypeCache (370ms)
			ReleaseScriptCaches (3ms)
			RebuildScriptCaches (66ms)
			SetupLoadedEditorAssemblies (527ms)
				LogAssemblyErrors (0ms)
				InitializePlatformSupportModulesInManaged (51ms)
				SetLoadedEditorAssemblies (1ms)
				RefreshPlugins (1ms)
				BeforeProcessingInitializeOnLoad (113ms)
				ProcessInitializeOnLoadAttributes (287ms)
				ProcessInitializeOnLoadMethodAttributes (59ms)
				AfterProcessingInitializeOnLoad (15ms)
				EditorAssembliesLoaded (0ms)
			ExecutionOrderSort2 (0ms)
			AwakeInstancesAfterBackupRestoration (15ms)
Platform modules already initialized, skipping
Refreshing native plugins compatible for Editor in 3.98 ms, found 4 plugins.
Preloading 0 native plugins for Editor in 0.00 ms.
Unloading 4091 Unused Serialized files (Serialized files now loaded: 0)
Unloading 31 unused Assets / (190.3 KB). Loaded Objects now: 4634.
Memory consumption went from 157.9 MB to 157.7 MB.
Total: 4.774800 ms (FindLiveObjects: 0.479300 ms CreateObjectMapping: 0.289700 ms MarkObjects: 3.779400 ms  DeleteObjects: 0.225100 ms)

AssetImportParameters requested are different than current active one (requested -> active):
  custom:video-decoder-ogg-theora: a1e56fd34408186e4bbccfd4996cb3dc -> 
  custom:container-muxer-webm: aa71ff27fc2769a1b78a27578f13a17b -> 
  custom:container-demuxer-webm: 4f35f7cbe854078d1ac9338744f61a02 -> 
  custom:video-encoder-webm-vp8: eb34c28f22e8b96e1ab97ce403110664 -> 
  custom:audio-encoder-webm-vorbis: bf7c407c2cedff20999df2af8eb42d56 -> 
  custom:framework-win-MediaFoundation: 216162199b28c13a410421893ffa2e32 -> 
  custom:container-demuxer-ogg: 62fdf1f143b41e24485cea50d1cbac27 -> 
  custom:video-decoder-webm-vp8: 9c59270c3fd7afecdb556c50c9e8de78 -> 
  custom:audio-decoder-ogg-vorbis: bf7c407c2cedff20999df2af8eb42d56 -> 
========================================================================
Received Import Request.
  Time since last request: 317.489515 seconds.
  path: Assets/My drawings/Ninja animation/Animations/myPlayer.controller
  artifactKey: Guid(0391e03a99fb6ea4fb63aa7b2582ba98) Importer(815301076,1909f56bfc062723c751e8b465ee728b)
Start importing Assets/My drawings/Ninja animation/Animations/myPlayer.controller using Guid(0391e03a99fb6ea4fb63aa7b2582ba98) Importer(815301076,1909f56bfc062723c751e8b465ee728b)  -> (artifact id: 'a9e76f5a6b4830bb8530fc7999743877') in 0.023043 seconds 
========================================================================
Received Prepare
Registering precompiled user dll's ...
Registered in 0.015425 seconds.
Begin MonoManager ReloadAssembly
Symbol file LoadedFromMemory doesn't match image C:\Users\rahil\Documents\ninja-game-new\Library\PackageCache\com.unity.visualscripting@1.7.8\Editor\VisualScripting.Core\Dependencies\YamlDotNet\Unity.VisualScripting.YamlDotNet.dll
Symbol file LoadedFromMemory doesn't match image C:\Users\rahil\Documents\ninja-game-new\Library\PackageCache\com.unity.visualscripting@1.7.8\Editor\VisualScripting.Core\Dependencies\DotNetZip\Unity.VisualScripting.IonicZip.dll
Native extension for WindowsStandalone target not found
Native extension for iOS target not found
Native extension for Android target not found
Native extension for WebGL target not found
Refreshing native plugins compatible for Editor in 3.98 ms, found 4 plugins.
Preloading 0 native plugins for Editor in 0.00 ms.
Mono: successfully reloaded assembly
- Completed reload, in  1.578 seconds
Domain Reload Profiling:
	ReloadAssembly (1578ms)
		BeginReloadAssembly (218ms)
			ExecutionOrderSort (0ms)
			DisableScriptedObjects (9ms)
			BackupInstance (0ms)
			ReleaseScriptingObjects (0ms)
			CreateAndSetChildDomain (67ms)
		EndReloadAssembly (1206ms)
			LoadAssemblies (166ms)
			RebuildTransferFunctionScriptingTraits (0ms)
			SetupTypeCache (366ms)
			ReleaseScriptCaches (1ms)
			RebuildScriptCaches (68ms)
			SetupLoadedEditorAssemblies (557ms)
				LogAssemblyErrors (0ms)
				InitializePlatformSupportModulesInManaged (51ms)
				SetLoadedEditorAssemblies (1ms)
				RefreshPlugins (4ms)
				BeforeProcessingInitializeOnLoad (115ms)
				ProcessInitializeOnLoadAttributes (313ms)
				ProcessInitializeOnLoadMethodAttributes (57ms)
				AfterProcessingInitializeOnLoad (16ms)
				EditorAssembliesLoaded (0ms)
			ExecutionOrderSort2 (0ms)
			AwakeInstancesAfterBackupRestoration (11ms)
Platform modules already initialized, skipping
Refreshing native plugins compatible for Editor in 4.73 ms, found 4 plugins.
Preloading 0 native plugins for Editor in 0.00 ms.
Unloading 4091 Unused Serialized files (Serialized files now loaded: 0)
Unloading 31 unused Assets / (190.2 KB). Loaded Objects now: 4637.
Memory consumption went from 157.9 MB to 157.7 MB.
Total: 5.432400 ms (FindLiveObjects: 0.334200 ms CreateObjectMapping: 0.244700 ms MarkObjects: 4.630400 ms  DeleteObjects: 0.221900 ms)

AssetImportParameters requested are different than current active one (requested -> active):
  custom:video-decoder-ogg-theora: a1e56fd34408186e4bbccfd4996cb3dc -> 
  custom:container-muxer-webm: aa71ff27fc2769a1b78a27578f13a17b -> 
  custom:container-demuxer-webm: 4f35f7cbe854078d1ac9338744f61a02 -> 
  custom:video-encoder-webm-vp8: eb34c28f22e8b96e1ab97ce403110664 -> 
  custom:audio-encoder-webm-vorbis: bf7c407c2cedff20999df2af8eb42d56 -> 
  custom:framework-win-MediaFoundation: 216162199b28c13a410421893ffa2e32 -> 
  custom:container-demuxer-ogg: 62fdf1f143b41e24485cea50d1cbac27 -> 
  custom:video-decoder-webm-vp8: 9c59270c3fd7afecdb556c50c9e8de78 -> 
  custom:audio-decoder-ogg-vorbis: bf7c407c2cedff20999df2af8eb42d56 -> 
========================================================================
Received Prepare
Registering precompiled user dll's ...
Registered in 0.011027 seconds.
Begin MonoManager ReloadAssembly
Symbol file LoadedFromMemory doesn't match image C:\Users\rahil\Documents\ninja-game-new\Library\PackageCache\com.unity.visualscripting@1.7.8\Editor\VisualScripting.Core\Dependencies\YamlDotNet\Unity.VisualScripting.YamlDotNet.dll
Symbol file LoadedFromMemory doesn't match image C:\Users\rahil\Documents\ninja-game-new\Library\PackageCache\com.unity.visualscripting@1.7.8\Editor\VisualScripting.Core\Dependencies\DotNetZip\Unity.VisualScripting.IonicZip.dll
Native extension for WindowsStandalone target not found
Native extension for iOS target not found
Native extension for Android target not found
Native extension for WebGL target not found
Refreshing native plugins compatible for Editor in 0.69 ms, found 4 plugins.
Preloading 0 native plugins for Editor in 0.00 ms.
Mono: successfully reloaded assembly
- Completed reload, in  0.999 seconds
Domain Reload Profiling:
	ReloadAssembly (999ms)
		BeginReloadAssembly (138ms)
			ExecutionOrderSort (0ms)
			DisableScriptedObjects (7ms)
			BackupInstance (0ms)
			ReleaseScriptingObjects (0ms)
			CreateAndSetChildDomain (32ms)
		EndReloadAssembly (764ms)
			LoadAssemblies (99ms)
			RebuildTransferFunctionScriptingTraits (0ms)
			SetupTypeCache (213ms)
			ReleaseScriptCaches (2ms)
			RebuildScriptCaches (38ms)
			SetupLoadedEditorAssemblies (379ms)
				LogAssemblyErrors (0ms)
				InitializePlatformSupportModulesInManaged (31ms)
				SetLoadedEditorAssemblies (0ms)
				RefreshPlugins (1ms)
				BeforeProcessingInitializeOnLoad (85ms)
				ProcessInitializeOnLoadAttributes (210ms)
				ProcessInitializeOnLoadMethodAttributes (39ms)
				AfterProcessingInitializeOnLoad (13ms)
				EditorAssembliesLoaded (0ms)
			ExecutionOrderSort2 (0ms)
			AwakeInstancesAfterBackupRestoration (8ms)
Platform modules already initialized, skipping
Refreshing native plugins compatible for Editor in 2.65 ms, found 4 plugins.
Preloading 0 native plugins for Editor in 0.00 ms.
Unloading 4091 Unused Serialized files (Serialized files now loaded: 0)
Unloading 31 unused Assets / (190.1 KB). Loaded Objects now: 4640.
Memory consumption went from 157.9 MB to 157.7 MB.
Total: 3.321600 ms (FindLiveObjects: 0.256900 ms CreateObjectMapping: 0.212100 ms MarkObjects: 2.736500 ms  DeleteObjects: 0.115600 ms)

AssetImportParameters requested are different than current active one (requested -> active):
  custom:video-decoder-ogg-theora: a1e56fd34408186e4bbccfd4996cb3dc -> 
  custom:container-muxer-webm: aa71ff27fc2769a1b78a27578f13a17b -> 
  custom:container-demuxer-webm: 4f35f7cbe854078d1ac9338744f61a02 -> 
  custom:video-encoder-webm-vp8: eb34c28f22e8b96e1ab97ce403110664 -> 
  custom:audio-encoder-webm-vorbis: bf7c407c2cedff20999df2af8eb42d56 -> 
  custom:framework-win-MediaFoundation: 216162199b28c13a410421893ffa2e32 -> 
  custom:container-demuxer-ogg: 62fdf1f143b41e24485cea50d1cbac27 -> 
  custom:video-decoder-webm-vp8: 9c59270c3fd7afecdb556c50c9e8de78 -> 
  custom:audio-decoder-ogg-vorbis: bf7c407c2cedff20999df2af8eb42d56 -> 
========================================================================
Received Prepare
Registering precompiled user dll's ...
Registered in 0.010443 seconds.
Begin MonoManager ReloadAssembly
Symbol file LoadedFromMemory doesn't match image C:\Users\rahil\Documents\ninja-game-new\Library\PackageCache\com.unity.visualscripting@1.7.8\Editor\VisualScripting.Core\Dependencies\YamlDotNet\Unity.VisualScripting.YamlDotNet.dll
Symbol file LoadedFromMemory doesn't match image C:\Users\rahil\Documents\ninja-game-new\Library\PackageCache\com.unity.visualscripting@1.7.8\Editor\VisualScripting.Core\Dependencies\DotNetZip\Unity.VisualScripting.IonicZip.dll
Native extension for WindowsStandalone target not found
Native extension for iOS target not found
Native extension for Android target not found
Native extension for WebGL target not found
Refreshing native plugins compatible for Editor in 1.40 ms, found 4 plugins.
Preloading 0 native plugins for Editor in 0.00 ms.
Mono: successfully reloaded assembly
- Completed reload, in  1.197 seconds
Domain Reload Profiling:
	ReloadAssembly (1198ms)
		BeginReloadAssembly (134ms)
			ExecutionOrderSort (0ms)
			DisableScriptedObjects (6ms)
			BackupInstance (0ms)
			ReleaseScriptingObjects (0ms)
			CreateAndSetChildDomain (32ms)
		EndReloadAssembly (942ms)
			LoadAssemblies (109ms)
			RebuildTransferFunctionScriptingTraits (0ms)
			SetupTypeCache (276ms)
			ReleaseScriptCaches (1ms)
			RebuildScriptCaches (59ms)
			SetupLoadedEditorAssemblies (433ms)
				LogAssemblyErrors (0ms)
				InitializePlatformSupportModulesInManaged (42ms)
				SetLoadedEditorAssemblies (1ms)
				RefreshPlugins (1ms)
				BeforeProcessingInitializeOnLoad (97ms)
				ProcessInitializeOnLoadAttributes (234ms)
				ProcessInitializeOnLoadMethodAttributes (45ms)
				AfterProcessingInitializeOnLoad (12ms)
				EditorAssembliesLoaded (0ms)
			ExecutionOrderSort2 (0ms)
			AwakeInstancesAfterBackupRestoration (9ms)
Platform modules already initialized, skipping
Refreshing native plugins compatible for Editor in 2.88 ms, found 4 plugins.
Preloading 0 native plugins for Editor in 0.00 ms.
Unloading 4091 Unused Serialized files (Serialized files now loaded: 0)
Unloading 31 unused Assets / (190.2 KB). Loaded Objects now: 4643.
Memory consumption went from 157.9 MB to 157.7 MB.
Total: 3.105900 ms (FindLiveObjects: 0.279000 ms CreateObjectMapping: 0.190500 ms MarkObjects: 2.495300 ms  DeleteObjects: 0.139400 ms)

AssetImportParameters requested are different than current active one (requested -> active):
  custom:video-decoder-ogg-theora: a1e56fd34408186e4bbccfd4996cb3dc -> 
  custom:container-muxer-webm: aa71ff27fc2769a1b78a27578f13a17b -> 
  custom:container-demuxer-webm: 4f35f7cbe854078d1ac9338744f61a02 -> 
  custom:video-encoder-webm-vp8: eb34c28f22e8b96e1ab97ce403110664 -> 
  custom:audio-encoder-webm-vorbis: bf7c407c2cedff20999df2af8eb42d56 -> 
  custom:framework-win-MediaFoundation: 216162199b28c13a410421893ffa2e32 -> 
  custom:container-demuxer-ogg: 62fdf1f143b41e24485cea50d1cbac27 -> 
  custom:video-decoder-webm-vp8: 9c59270c3fd7afecdb556c50c9e8de78 -> 
  custom:audio-decoder-ogg-vorbis: bf7c407c2cedff20999df2af8eb42d56 -> 
========================================================================
Received Prepare
Registering precompiled user dll's ...
Registered in 0.009859 seconds.
Begin MonoManager ReloadAssembly
Symbol file LoadedFromMemory doesn't match image C:\Users\rahil\Documents\ninja-game-new\Library\PackageCache\com.unity.visualscripting@1.7.8\Editor\VisualScripting.Core\Dependencies\YamlDotNet\Unity.VisualScripting.YamlDotNet.dll
Symbol file LoadedFromMemory doesn't match image C:\Users\rahil\Documents\ninja-game-new\Library\PackageCache\com.unity.visualscripting@1.7.8\Editor\VisualScripting.Core\Dependencies\DotNetZip\Unity.VisualScripting.IonicZip.dll
Native extension for WindowsStandalone target not found
Native extension for iOS target not found
Native extension for Android target not found
Native extension for WebGL target not found
Refreshing native plugins compatible for Editor in 0.69 ms, found 4 plugins.
Preloading 0 native plugins for Editor in 0.00 ms.
Mono: successfully reloaded assembly
- Completed reload, in  0.968 seconds
Domain Reload Profiling:
	ReloadAssembly (968ms)
		BeginReloadAssembly (131ms)
			ExecutionOrderSort (0ms)
			DisableScriptedObjects (6ms)
			BackupInstance (0ms)
			ReleaseScriptingObjects (0ms)
			CreateAndSetChildDomain (35ms)
		EndReloadAssembly (736ms)
			LoadAssemblies (91ms)
			RebuildTransferFunctionScriptingTraits (0ms)
			SetupTypeCache (212ms)
			ReleaseScriptCaches (1ms)
			RebuildScriptCaches (41ms)
			SetupLoadedEditorAssemblies (352ms)
				LogAssemblyErrors (0ms)
				InitializePlatformSupportModulesInManaged (33ms)
				SetLoadedEditorAssemblies (0ms)
				RefreshPlugins (1ms)
				BeforeProcessingInitializeOnLoad (81ms)
				ProcessInitializeOnLoadAttributes (186ms)
				ProcessInitializeOnLoadMethodAttributes (39ms)
				AfterProcessingInitializeOnLoad (11ms)
				EditorAssembliesLoaded (0ms)
			ExecutionOrderSort2 (0ms)
			AwakeInstancesAfterBackupRestoration (7ms)
Platform modules already initialized, skipping
Refreshing native plugins compatible for Editor in 2.62 ms, found 4 plugins.
Preloading 0 native plugins for Editor in 0.00 ms.
Unloading 4091 Unused Serialized files (Serialized files now loaded: 0)
Unloading 31 unused Assets / (190.1 KB). Loaded Objects now: 4646.
Memory consumption went from 157.9 MB to 157.8 MB.
Total: 3.212800 ms (FindLiveObjects: 0.288100 ms CreateObjectMapping: 0.195000 ms MarkObjects: 2.573500 ms  DeleteObjects: 0.155800 ms)

AssetImportParameters requested are different than current active one (requested -> active):
  custom:video-decoder-ogg-theora: a1e56fd34408186e4bbccfd4996cb3dc -> 
  custom:container-muxer-webm: aa71ff27fc2769a1b78a27578f13a17b -> 
  custom:container-demuxer-webm: 4f35f7cbe854078d1ac9338744f61a02 -> 
  custom:video-encoder-webm-vp8: eb34c28f22e8b96e1ab97ce403110664 -> 
  custom:audio-encoder-webm-vorbis: bf7c407c2cedff20999df2af8eb42d56 -> 
  custom:framework-win-MediaFoundation: 216162199b28c13a410421893ffa2e32 -> 
  custom:container-demuxer-ogg: 62fdf1f143b41e24485cea50d1cbac27 -> 
  custom:video-decoder-webm-vp8: 9c59270c3fd7afecdb556c50c9e8de78 -> 
  custom:audio-decoder-ogg-vorbis: bf7c407c2cedff20999df2af8eb42d56 -> 
========================================================================
Received Import Request.
  Time since last request: 5281.052288 seconds.
  path: Assets/My drawings/newja
  artifactKey: Guid(b8feaee7ea207404a86260dbf1354228) Importer(815301076,1909f56bfc062723c751e8b465ee728b)
Start importing Assets/My drawings/newja using Guid(b8feaee7ea207404a86260dbf1354228) Importer(815301076,1909f56bfc062723c751e8b465ee728b)  -> (artifact id: '6911dae359926d06263b2f71d86efe07') in 0.010373 seconds 
========================================================================
Received Import Request.
  Time since last request: 8.346927 seconds.
  path: Assets/My drawings/newja/Idle
  artifactKey: Guid(eae00dfe31a132c40be9abe5511801b4) Importer(815301076,1909f56bfc062723c751e8b465ee728b)
Start importing Assets/My drawings/newja/Idle using Guid(eae00dfe31a132c40be9abe5511801b4) Importer(815301076,1909f56bfc062723c751e8b465ee728b)  -> (artifact id: 'ba8e11d3e4ab582845d7c9b2c8be2736') in 0.002518 seconds 
========================================================================
Received Import Request.
  Time since last request: 0.104743 seconds.
  path: Assets/My drawings/newja/Idle/Idle__000.png
  artifactKey: Guid(3b1a54973542cba40ba68792be5c3f9d) Importer(815301076,1909f56bfc062723c751e8b465ee728b)
Start importing Assets/My drawings/newja/Idle/Idle__000.png using Guid(3b1a54973542cba40ba68792be5c3f9d) Importer(815301076,1909f56bfc062723c751e8b465ee728b)  -> (artifact id: 'ba71ed99ab861d2fe3bb47754ef22ed0') in 0.088786 seconds 
========================================================================
Received Import Request.
  Time since last request: 0.000032 seconds.
  path: Assets/My drawings/newja/Idle/Idle__006.png
  artifactKey: Guid(29cf92820c34198479f23e426e44ade2) Importer(815301076,1909f56bfc062723c751e8b465ee728b)
Start importing Assets/My drawings/newja/Idle/Idle__006.png using Guid(29cf92820c34198479f23e426e44ade2) Importer(815301076,1909f56bfc062723c751e8b465ee728b)  -> (artifact id: 'cc8deac80b677732071be51cccc80738') in 0.023524 seconds 
========================================================================
Received Import Request.
  Time since last request: 0.000025 seconds.
  path: Assets/My drawings/newja/Idle/Idle__004.png
  artifactKey: Guid(ad7f35882032fd344ae8e0013f6a5577) Importer(815301076,1909f56bfc062723c751e8b465ee728b)
Start importing Assets/My drawings/newja/Idle/Idle__004.png using Guid(ad7f35882032fd344ae8e0013f6a5577) Importer(815301076,1909f56bfc062723c751e8b465ee728b)  -> (artifact id: '0099d37e0e20a986453b39cf0975c7fe') in 0.025588 seconds 
========================================================================
Received Import Request.
  Time since last request: 0.000026 seconds.
  path: Assets/My drawings/newja/Idle/Idle__003.png
  artifactKey: Guid(1cab6eed1e7d5cb458feaa2d69d3098d) Importer(815301076,1909f56bfc062723c751e8b465ee728b)
Start importing Assets/My drawings/newja/Idle/Idle__003.png using Guid(1cab6eed1e7d5cb458feaa2d69d3098d) Importer(815301076,1909f56bfc062723c751e8b465ee728b)  -> (artifact id: '1a7b0b17a9676fa2ad8e3a0dfef43840') in 0.023490 seconds 
========================================================================
Received Import Request.
  Time since last request: 0.000032 seconds.
  path: Assets/My drawings/newja/Idle/Idle__005.png
  artifactKey: Guid(3b255eadf4e1eba4e812a7ed184ef3f6) Importer(815301076,1909f56bfc062723c751e8b465ee728b)
Start importing Assets/My drawings/newja/Idle/Idle__005.png using Guid(3b255eadf4e1eba4e812a7ed184ef3f6) Importer(815301076,1909f56bfc062723c751e8b465ee728b)  -> (artifact id: 'c36bd8731e8fc57ae83d6a32d1f85bdb') in 0.023335 seconds 
========================================================================
Received Import Request.
  Time since last request: 8.319364 seconds.
  path: Assets/My drawings/Ninja animation/ninja attack sprites/3.psd
  artifactKey: Guid(34dce70ea56038b499ecc45d9b5bf684) Importer(815301076,1909f56bfc062723c751e8b465ee728b)
Start importing Assets/My drawings/Ninja animation/ninja attack sprites/3.psd using Guid(34dce70ea56038b499ecc45d9b5bf684) Importer(815301076,1909f56bfc062723c751e8b465ee728b)  -> (artifact id: 'e2dd5421d061ca302e2f911e08109e70') in 0.480710 seconds 
========================================================================
Received Import Request.
  Time since last request: 2.284232 seconds.
  path: Assets/My drawings/newja/Dead/Dead__000.png
  artifactKey: Guid(8ffd07b4079921d409710b9f5d123f77) Importer(815301076,1909f56bfc062723c751e8b465ee728b)
Start importing Assets/My drawings/newja/Dead/Dead__000.png using Guid(8ffd07b4079921d409710b9f5d123f77) Importer(815301076,1909f56bfc062723c751e8b465ee728b)  -> (artifact id: '016dd870508351fc513cfbf9259bc19e') in 0.025589 seconds 
========================================================================
Received Import Request.
  Time since last request: 0.066121 seconds.
  path: Assets/My drawings/newja/Dead/Dead__001.png
  artifactKey: Guid(c4d5d3cebdfc6f6428a389c6ef582319) Importer(815301076,1909f56bfc062723c751e8b465ee728b)
Start importing Assets/My drawings/newja/Dead/Dead__001.png using Guid(c4d5d3cebdfc6f6428a389c6ef582319) Importer(815301076,1909f56bfc062723c751e8b465ee728b)  -> (artifact id: 'f0fae6b2bf290d880ffea6a4a5578b3f') in 0.028170 seconds 
========================================================================
Received Import Request.
  Time since last request: 0.282166 seconds.
  path: Assets/My drawings/newja/Dead/Dead__003.png
  artifactKey: Guid(33440d7857050bf40958370c50e8185c) Importer(815301076,1909f56bfc062723c751e8b465ee728b)
Start importing Assets/My drawings/newja/Dead/Dead__003.png using Guid(33440d7857050bf40958370c50e8185c) Importer(815301076,1909f56bfc062723c751e8b465ee728b)  -> (artifact id: '11311df0dafd71de12e674b0cf61d989') in 0.028673 seconds 
========================================================================
Received Import Request.
  Time since last request: 0.059647 seconds.
  path: Assets/My drawings/newja/Dead/Dead__005.png
  artifactKey: Guid(3751ec0f5d6e38448996d945a35a4f75) Importer(815301076,1909f56bfc062723c751e8b465ee728b)
Start importing Assets/My drawings/newja/Dead/Dead__005.png using Guid(3751ec0f5d6e38448996d945a35a4f75) Importer(815301076,1909f56bfc062723c751e8b465ee728b)  -> (artifact id: 'd1937bfeb6dd36fb6a3c61c848957678') in 0.032522 seconds 
========================================================================
Received Import Request.
  Time since last request: 1.618270 seconds.
  path: Assets/My drawings/newja/Dead/Dead__007.png
  artifactKey: Guid(1d9a78f0384bbd641b977920b06bc472) Importer(815301076,1909f56bfc062723c751e8b465ee728b)
Start importing Assets/My drawings/newja/Dead/Dead__007.png using Guid(1d9a78f0384bbd641b977920b06bc472) Importer(815301076,1909f56bfc062723c751e8b465ee728b)  -> (artifact id: 'c4e880fb18ecb2f595da67acfc5c4963') in 0.038290 seconds 
========================================================================
Received Import Request.
  Time since last request: 0.419249 seconds.
  path: Assets/My drawings/newja/Dead/Dead__009.png
  artifactKey: Guid(225a31ced8c4ddd47ad47562fe1db1db) Importer(815301076,1909f56bfc062723c751e8b465ee728b)
Start importing Assets/My drawings/newja/Dead/Dead__009.png using Guid(225a31ced8c4ddd47ad47562fe1db1db) Importer(815301076,1909f56bfc062723c751e8b465ee728b)  -> (artifact id: '0d66458c8ffe062a25fa8df650443b63') in 0.025126 seconds 
========================================================================
Received Import Request.
  Time since last request: 287.026523 seconds.
  path: Assets/My drawings/newja/Animations
  artifactKey: Guid(31ff7ec294da1fc4995674842ef6a905) Importer(815301076,1909f56bfc062723c751e8b465ee728b)
Start importing Assets/My drawings/newja/Animations using Guid(31ff7ec294da1fc4995674842ef6a905) Importer(815301076,1909f56bfc062723c751e8b465ee728b)  -> (artifact id: '1cbe4837749b20eb30e99d27633743c2') in 0.001625 seconds 
========================================================================
Received Import Request.
  Time since last request: 8.975910 seconds.
  path: Assets/My drawings/newja/Animations/Dead
  artifactKey: Guid(b26bc494ba043e543b6501b4d082819d) Importer(815301076,1909f56bfc062723c751e8b465ee728b)
Start importing Assets/My drawings/newja/Animations/Dead using Guid(b26bc494ba043e543b6501b4d082819d) Importer(815301076,1909f56bfc062723c751e8b465ee728b)  -> (artifact id: '27481869f78edf53750ef713ae887e2f') in 0.002295 seconds 
========================================================================
Received Import Request.
  Time since last request: 81.608319 seconds.
  path: Assets/My drawings/newja/Dead
  artifactKey: Guid(9a6e39abbde060d42b374e57c3f193f9) Importer(815301076,1909f56bfc062723c751e8b465ee728b)
Start importing Assets/My drawings/newja/Dead using Guid(9a6e39abbde060d42b374e57c3f193f9) Importer(815301076,1909f56bfc062723c751e8b465ee728b)  -> (artifact id: '02cc84cfd6fae5bc1149a656782634b1') in 0.001774 seconds 
========================================================================
Received Import Request.
  Time since last request: 73.607346 seconds.
  path: Assets/My drawings/newja/Animations/Dead animation/Dead.anim
  artifactKey: Guid(59828f9378fab97499de2a8676fb1d6a) Importer(815301076,1909f56bfc062723c751e8b465ee728b)
Start importing Assets/My drawings/newja/Animations/Dead animation/Dead.anim using Guid(59828f9378fab97499de2a8676fb1d6a) Importer(815301076,1909f56bfc062723c751e8b465ee728b)  -> (artifact id: 'd3d7d9218e6dee44c91eefca8175130e') in 0.003042 seconds 
========================================================================
Received Import Request.
  Time since last request: 60.935189 seconds.
  path: Assets/My drawings/newja/Animations/Idle animation/Idle.anim
  artifactKey: Guid(6cccc86a2178c2940902959052d2b5e2) Importer(815301076,1909f56bfc062723c751e8b465ee728b)
Start importing Assets/My drawings/newja/Animations/Idle animation/Idle.anim using Guid(6cccc86a2178c2940902959052d2b5e2) Importer(815301076,1909f56bfc062723c751e8b465ee728b)  -> (artifact id: '1d40fe669db7fa95fa381650c07b1ed6') in 0.002447 seconds 
========================================================================
Received Import Request.
  Time since last request: 36.601121 seconds.
  path: Assets/My drawings/newja/Jump/Jump__000.png
  artifactKey: Guid(ec56b06d58d4f2c458563e39489821ef) Importer(815301076,1909f56bfc062723c751e8b465ee728b)
Start importing Assets/My drawings/newja/Jump/Jump__000.png using Guid(ec56b06d58d4f2c458563e39489821ef) Importer(815301076,1909f56bfc062723c751e8b465ee728b)  -> (artifact id: 'a245cbd770630b935125583287ad559e') in 0.035434 seconds 
========================================================================
Received Import Request.
  Time since last request: 0.000022 seconds.
  path: Assets/My drawings/newja/Jump/Jump__003.png
  artifactKey: Guid(4594d3d725763f34397e7bfef155dc65) Importer(815301076,1909f56bfc062723c751e8b465ee728b)
Start importing Assets/My drawings/newja/Jump/Jump__003.png using Guid(4594d3d725763f34397e7bfef155dc65) Importer(815301076,1909f56bfc062723c751e8b465ee728b)  -> (artifact id: 'd0092d08827bb2248d18ca6f5bd114af') in 0.031436 seconds 
========================================================================
Received Import Request.
  Time since last request: 0.000031 seconds.
  path: Assets/My drawings/newja/Jump/Jump__002.png
  artifactKey: Guid(41e237707460bda49b719c82085198cc) Importer(815301076,1909f56bfc062723c751e8b465ee728b)
Start importing Assets/My drawings/newja/Jump/Jump__002.png using Guid(41e237707460bda49b719c82085198cc) Importer(815301076,1909f56bfc062723c751e8b465ee728b)  -> (artifact id: '4d09503d646e3d9cb98b494af7825f0f') in 0.028297 seconds 
========================================================================
Received Import Request.
  Time since last request: 0.000020 seconds.
  path: Assets/My drawings/newja/Jump/Jump__004.png
  artifactKey: Guid(ba0d510953e664e44a6e395727877a19) Importer(815301076,1909f56bfc062723c751e8b465ee728b)
Start importing Assets/My drawings/newja/Jump/Jump__004.png using Guid(ba0d510953e664e44a6e395727877a19) Importer(815301076,1909f56bfc062723c751e8b465ee728b)  -> (artifact id: 'fbecdea5eef8aea5f90537aaa93054b2') in 0.026730 seconds 
========================================================================
Received Import Request.
  Time since last request: 0.000027 seconds.
  path: Assets/My drawings/newja/Jump/Jump__009.png
  artifactKey: Guid(35915e64e7996a040a4a0eb2c1cabdb0) Importer(815301076,1909f56bfc062723c751e8b465ee728b)
Start importing Assets/My drawings/newja/Jump/Jump__009.png using Guid(35915e64e7996a040a4a0eb2c1cabdb0) Importer(815301076,1909f56bfc062723c751e8b465ee728b)  -> (artifact id: '4dbd9b3a2c12377b87e03cf2b99db3a0') in 0.026556 seconds 
========================================================================
Received Import Request.
  Time since last request: 0.374826 seconds.
  path: Assets/My drawings/newja/Run/Run__000.png
  artifactKey: Guid(20bd1d00698a3e44bbc3001638c378b0) Importer(815301076,1909f56bfc062723c751e8b465ee728b)
Start importing Assets/My drawings/newja/Run/Run__000.png using Guid(20bd1d00698a3e44bbc3001638c378b0) Importer(815301076,1909f56bfc062723c751e8b465ee728b)  -> (artifact id: 'a39537ca73d1c0ee857ac3cd37caba14') in 0.028101 seconds 
========================================================================
Received Import Request.
  Time since last request: 0.000028 seconds.
  path: Assets/My drawings/newja/Run/Run__004.png
  artifactKey: Guid(8b14f7fb179785046a8dbf97c7120830) Importer(815301076,1909f56bfc062723c751e8b465ee728b)
Start importing Assets/My drawings/newja/Run/Run__004.png using Guid(8b14f7fb179785046a8dbf97c7120830) Importer(815301076,1909f56bfc062723c751e8b465ee728b)  -> (artifact id: '10ce64aa468ba59a940c4cce35400c06') in 0.026660 seconds 
========================================================================
Received Import Request.
  Time since last request: 0.000142 seconds.
  path: Assets/My drawings/newja/Run/Run__003.png
  artifactKey: Guid(74657feec535caf44a5b3ba5882d6634) Importer(815301076,1909f56bfc062723c751e8b465ee728b)
Start importing Assets/My drawings/newja/Run/Run__003.png using Guid(74657feec535caf44a5b3ba5882d6634) Importer(815301076,1909f56bfc062723c751e8b465ee728b)  -> (artifact id: 'c1e689c1dfd4a1dc2b010e4e0007c9e8') in 0.028331 seconds 
========================================================================
Received Import Request.
  Time since last request: 0.000074 seconds.
  path: Assets/My drawings/newja/Run/Run__007.png
  artifactKey: Guid(25933641d9a220f48bfd91e898c9d3ce) Importer(815301076,1909f56bfc062723c751e8b465ee728b)
Start importing Assets/My drawings/newja/Run/Run__007.png using Guid(25933641d9a220f48bfd91e898c9d3ce) Importer(815301076,1909f56bfc062723c751e8b465ee728b)  -> (artifact id: 'f3461507c07ef9566753e5adcb6e3e0d') in 0.030076 seconds 
========================================================================
Received Import Request.
  Time since last request: 0.000024 seconds.
  path: Assets/My drawings/newja/Run/Run__009.png
  artifactKey: Guid(e2673c48866b74f45be790753fc77ce9) Importer(815301076,1909f56bfc062723c751e8b465ee728b)
Start importing Assets/My drawings/newja/Run/Run__009.png using Guid(e2673c48866b74f45be790753fc77ce9) Importer(815301076,1909f56bfc062723c751e8b465ee728b)  -> (artifact id: '5fb859ad6fc1acfc8d7cdd9ebe7acfba') in 0.024581 seconds 
========================================================================
Received Import Request.
  Time since last request: 221.749591 seconds.
  path: Assets/My drawings/newja/Sprites/Slide/Slide__001.png
  artifactKey: Guid(435cce75b5639c44face7de7279d0851) Importer(815301076,1909f56bfc062723c751e8b465ee728b)
Start importing Assets/My drawings/newja/Sprites/Slide/Slide__001.png using Guid(435cce75b5639c44face7de7279d0851) Importer(815301076,1909f56bfc062723c751e8b465ee728b)  -> (artifact id: 'ee81926731cdb1d6d0293b85f9ca274b') in 0.026691 seconds 
========================================================================
Received Import Request.
  Time since last request: 0.000020 seconds.
  path: Assets/My drawings/newja/Sprites/Slide/Slide__004.png
  artifactKey: Guid(e9fe745e9db5dd542837781e7659dcfc) Importer(815301076,1909f56bfc062723c751e8b465ee728b)
Start importing Assets/My drawings/newja/Sprites/Slide/Slide__004.png using Guid(e9fe745e9db5dd542837781e7659dcfc) Importer(815301076,1909f56bfc062723c751e8b465ee728b)  -> (artifact id: 'aef00b102d8e609c6e773f56206dff59') in 0.024611 seconds 
========================================================================
Received Import Request.
  Time since last request: 0.000028 seconds.
  path: Assets/My drawings/newja/Sprites/Slide/Slide__009.png
  artifactKey: Guid(ba81edb94875f544faaf87009afcaad8) Importer(815301076,1909f56bfc062723c751e8b465ee728b)
Start importing Assets/My drawings/newja/Sprites/Slide/Slide__009.png using Guid(ba81edb94875f544faaf87009afcaad8) Importer(815301076,1909f56bfc062723c751e8b465ee728b)  -> (artifact id: 'ab7211e81d75737fc8cc84fd8c7f3946') in 0.025373 seconds 
========================================================================
Received Import Request.
  Time since last request: 0.000025 seconds.
  path: Assets/My drawings/newja/Sprites/Slide/Slide__006.png
  artifactKey: Guid(f74519d3236bf154db0abea81454d34d) Importer(815301076,1909f56bfc062723c751e8b465ee728b)
Start importing Assets/My drawings/newja/Sprites/Slide/Slide__006.png using Guid(f74519d3236bf154db0abea81454d34d) Importer(815301076,1909f56bfc062723c751e8b465ee728b)  -> (artifact id: 'b60bac99663a7249e39bca43460d21b7') in 0.022728 seconds 
========================================================================
Received Import Request.
  Time since last request: 0.000016 seconds.
  path: Assets/My drawings/newja/Sprites/Slide/Slide__007.png
  artifactKey: Guid(16d3f4ba0f8627f44842f991d9c26843) Importer(815301076,1909f56bfc062723c751e8b465ee728b)
Start importing Assets/My drawings/newja/Sprites/Slide/Slide__007.png using Guid(16d3f4ba0f8627f44842f991d9c26843) Importer(815301076,1909f56bfc062723c751e8b465ee728b)  -> (artifact id: '6706817a30a1cae90786a89ccbf649cb') in 0.026079 seconds 
========================================================================
Received Import Request.
  Time since last request: 0.000032 seconds.
  path: Assets/My drawings/newja/Sprites/Slide/Slide__002.png
  artifactKey: Guid(fc6abcf489696bc42bc932de460d48f8) Importer(815301076,1909f56bfc062723c751e8b465ee728b)
Start importing Assets/My drawings/newja/Sprites/Slide/Slide__002.png using Guid(fc6abcf489696bc42bc932de460d48f8) Importer(815301076,1909f56bfc062723c751e8b465ee728b)  -> (artifact id: 'c958e4da1518d04359e15c7c39d5bbd7') in 0.026149 seconds 
========================================================================
Received Import Request.
  Time since last request: 0.000026 seconds.
  path: Assets/My drawings/newja/Sprites/Slide/Slide__005.png
  artifactKey: Guid(04f5544cff368a4408846eae1c9441d6) Importer(815301076,1909f56bfc062723c751e8b465ee728b)
Start importing Assets/My drawings/newja/Sprites/Slide/Slide__005.png using Guid(04f5544cff368a4408846eae1c9441d6) Importer(815301076,1909f56bfc062723c751e8b465ee728b)  -> (artifact id: '38aeab3f3b910ac3d6bb5567921a7e74') in 0.021121 seconds 
Editor requested this worker to shutdown with reason: Scaling down because of idle timeout
AssetImportWorker is now disconnected from the server
Process exiting
Exiting without the bug reporter. Application will terminate with return code 0