Using pre-set license
Built from '2021.3/staging' branch; Version is '2021.3.7f1 (24e8595d6d43) revision 2418777'; Using compiler version '192829333'; Build Type 'Release'
OS: 'Windows 11  (10.0.22000) 64bit Core' Language: 'en' Physical Memory: 7514 MB
BatchMode: 1, IsHumanControllingUs: 0, StartBugReporterOnCrash: 0, Is64bit: 1, IsPro: 1

COMMAND LINE ARGUMENTS:
C:\Program Files\Unity\Hub\Editor\2021.3.7f1\Editor\Unity.exe
-adb2
-batchMode
-noUpm
-name
AssetImportWorker0
-projectPath
C:/Users/humza/OneDrive/Documents/GitHub/ninja-game-new
-logFile
Logs/AssetImportWorker0.log
-srvPort
58986
Successfully changed project path to: C:/Users/humza/OneDrive/Documents/GitHub/ninja-game-new
C:/Users/humza/OneDrive/Documents/GitHub/ninja-game-new
[UnityMemory] Configuration Parameters - Can be set up in boot.config
    "memorysetup-bucket-allocator-granularity=16"
    "memorysetup-bucket-allocator-bucket-count=8"
    "memorysetup-bucket-allocator-block-size=33554432"
    "memorysetup-bucket-allocator-block-count=8"
    "memorysetup-main-allocator-block-size=16777216"
    "memorysetup-thread-allocator-block-size=16777216"
    "memorysetup-gfx-main-allocator-block-size=16777216"
    "memorysetup-gfx-thread-allocator-block-size=16777216"
    "memorysetup-cache-allocator-block-size=4194304"
    "memorysetup-typetree-allocator-block-size=2097152"
    "memorysetup-profiler-bucket-allocator-granularity=16"
    "memorysetup-profiler-bucket-allocator-bucket-count=8"
    "memorysetup-profiler-bucket-allocator-block-size=33554432"
    "memorysetup-profiler-bucket-allocator-block-count=8"
    "memorysetup-profiler-allocator-block-size=16777216"
    "memorysetup-profiler-editor-allocator-block-size=1048576"
    "memorysetup-temp-allocator-size-main=16777216"
    "memorysetup-job-temp-allocator-block-size=2097152"
    "memorysetup-job-temp-allocator-block-size-background=1048576"
    "memorysetup-job-temp-allocator-reduction-small-platforms=262144"
    "memorysetup-temp-allocator-size-background-worker=32768"
    "memorysetup-temp-allocator-size-job-worker=262144"
    "memorysetup-temp-allocator-size-preload-manager=33554432"
    "memorysetup-temp-allocator-size-nav-mesh-worker=65536"
    "memorysetup-temp-allocator-size-audio-worker=65536"
    "memorysetup-temp-allocator-size-cloud-worker=32768"
    "memorysetup-temp-allocator-size-gi-baking-worker=262144"
    "memorysetup-temp-allocator-size-gfx=262144"
Refreshing native plugins compatible for Editor in 95.39 ms, found 4 plugins.
Preloading 0 native plugins for Editor in 0.00 ms.
Initialize engine version: 2021.3.7f1 (24e8595d6d43)
[Subsystems] Discovering subsystems at path C:/Program Files/Unity/Hub/Editor/2021.3.7f1/Editor/Data/Resources/UnitySubsystems
[Subsystems] Discovering subsystems at path C:/Users/humza/OneDrive/Documents/GitHub/ninja-game-new/Assets
GfxDevice: creating device client; threaded=0; jobified=0
Direct3D:
    Version:  Direct3D 11.0 [level 11.1]
    Renderer: AMD Radeon(TM) Graphics (ID=0x164c)
    Vendor:   ATI
    VRAM:     3757 MB
    Driver:   27.20.14064.1003
Initialize mono
Mono path[0] = 'C:/Program Files/Unity/Hub/Editor/2021.3.7f1/Editor/Data/Managed'
Mono path[1] = 'C:/Program Files/Unity/Hub/Editor/2021.3.7f1/Editor/Data/MonoBleedingEdge/lib/mono/unityjit-win32'
Mono config path = 'C:/Program Files/Unity/Hub/Editor/2021.3.7f1/Editor/Data/MonoBleedingEdge/etc'
Using monoOptions --debugger-agent=transport=dt_socket,embedding=1,server=y,suspend=n,address=127.0.0.1:56952
Begin MonoManager ReloadAssembly
Registering precompiled unity dll's ...
Register platform support module: C:/Program Files/Unity/Hub/Editor/2021.3.7f1/Editor/Data/PlaybackEngines/WebGLSupport/UnityEditor.WebGL.Extensions.dll
Register platform support module: C:/Program Files/Unity/Hub/Editor/2021.3.7f1/Editor/Data/PlaybackEngines/AndroidPlayer/UnityEditor.Android.Extensions.dll
Register platform support module: C:/Program Files/Unity/Hub/Editor/2021.3.7f1/Editor/Data/PlaybackEngines/iOSSupport/UnityEditor.iOS.Extensions.dll
Register platform support module: C:/Program Files/Unity/Hub/Editor/2021.3.7f1/Editor/Data/PlaybackEngines/WindowsStandaloneSupport/UnityEditor.WindowsStandalone.Extensions.dll
Registered in 0.006716 seconds.
Native extension for WindowsStandalone target not found
[usbmuxd] Start listen thread
[usbmuxd] Listen thread started
Native extension for iOS target not found
Native extension for Android target not found
Native extension for WebGL target not found
Refreshing native plugins compatible for Editor in 92.33 ms, found 4 plugins.
Preloading 0 native plugins for Editor in 0.00 ms.
Mono: successfully reloaded assembly
- Completed reload, in  0.683 seconds
Domain Reload Profiling:
	ReloadAssembly (683ms)
		BeginReloadAssembly (71ms)
			ExecutionOrderSort (0ms)
			DisableScriptedObjects (0ms)
			BackupInstance (0ms)
			ReleaseScriptingObjects (0ms)
			CreateAndSetChildDomain (1ms)
		EndReloadAssembly (508ms)
			LoadAssemblies (69ms)
			RebuildTransferFunctionScriptingTraits (0ms)
			SetupTypeCache (119ms)
			ReleaseScriptCaches (0ms)
			RebuildScriptCaches (31ms)
			SetupLoadedEditorAssemblies (305ms)
				LogAssemblyErrors (0ms)
				InitializePlatformSupportModulesInManaged (68ms)
				SetLoadedEditorAssemblies (0ms)
				RefreshPlugins (92ms)
				BeforeProcessingInitializeOnLoad (1ms)
				ProcessInitializeOnLoadAttributes (98ms)
				ProcessInitializeOnLoadMethodAttributes (45ms)
				AfterProcessingInitializeOnLoad (0ms)
				EditorAssembliesLoaded (0ms)
			ExecutionOrderSort2 (0ms)
			AwakeInstancesAfterBackupRestoration (0ms)
Platform modules already initialized, skipping
Registering precompiled user dll's ...
Registered in 0.007245 seconds.
Begin MonoManager ReloadAssembly
Symbol file LoadedFromMemory doesn't match image C:\Users\humza\OneDrive\Documents\GitHub\ninja-game-new\Library\PackageCache\com.unity.visualscripting@1.7.8\Editor\VisualScripting.Core\Dependencies\YamlDotNet\Unity.VisualScripting.YamlDotNet.dll
Symbol file LoadedFromMemory doesn't match image C:\Users\humza\OneDrive\Documents\GitHub\ninja-game-new\Library\PackageCache\com.unity.visualscripting@1.7.8\Editor\VisualScripting.Core\Dependencies\DotNetZip\Unity.VisualScripting.IonicZip.dll
Native extension for WindowsStandalone target not found
Native extension for iOS target not found
Native extension for Android target not found
Native extension for WebGL target not found
Refreshing native plugins compatible for Editor in 95.24 ms, found 4 plugins.
Preloading 0 native plugins for Editor in 0.00 ms.
Mono: successfully reloaded assembly
- Completed reload, in  1.330 seconds
Domain Reload Profiling:
	ReloadAssembly (1331ms)
		BeginReloadAssembly (213ms)
			ExecutionOrderSort (0ms)
			DisableScriptedObjects (5ms)
			BackupInstance (0ms)
			ReleaseScriptingObjects (0ms)
			CreateAndSetChildDomain (130ms)
		EndReloadAssembly (994ms)
			LoadAssemblies (88ms)
			RebuildTransferFunctionScriptingTraits (0ms)
			SetupTypeCache (270ms)
			ReleaseScriptCaches (1ms)
			RebuildScriptCaches (63ms)
			SetupLoadedEditorAssemblies (517ms)
				LogAssemblyErrors (0ms)
				InitializePlatformSupportModulesInManaged (26ms)
				SetLoadedEditorAssemblies (0ms)
				RefreshPlugins (95ms)
				BeforeProcessingInitializeOnLoad (95ms)
				ProcessInitializeOnLoadAttributes (248ms)
				ProcessInitializeOnLoadMethodAttributes (48ms)
				AfterProcessingInitializeOnLoad (5ms)
				EditorAssembliesLoaded (0ms)
			ExecutionOrderSort2 (0ms)
			AwakeInstancesAfterBackupRestoration (7ms)
Platform modules already initialized, skipping
========================================================================
Worker process is ready to serve import requests
Launched and connected shader compiler UnityShaderCompiler.exe after 0.04 seconds
Refreshing native plugins compatible for Editor in 0.91 ms, found 4 plugins.
Preloading 0 native plugins for Editor in 0.00 ms.
Unloading 4121 Unused Serialized files (Serialized files now loaded: 0)
Unloading 38 unused Assets / (55.3 KB). Loaded Objects now: 4581.
Memory consumption went from 154.7 MB to 154.6 MB.
Total: 4.412200 ms (FindLiveObjects: 0.400100 ms CreateObjectMapping: 0.147400 ms MarkObjects: 3.724000 ms  DeleteObjects: 0.139100 ms)

AssetImportParameters requested are different than current active one (requested -> active):
  custom:video-decoder-ogg-theora: a1e56fd34408186e4bbccfd4996cb3dc -> 
  custom:container-muxer-webm: aa71ff27fc2769a1b78a27578f13a17b -> 
  custom:container-demuxer-webm: 4f35f7cbe854078d1ac9338744f61a02 -> 
  custom:video-encoder-webm-vp8: eb34c28f22e8b96e1ab97ce403110664 -> 
  custom:video-codec-MediaFoundation-h265: 746d11721c4dcdbdad8f713fa42b33f4 -> 
  custom:audio-encoder-webm-vorbis: bf7c407c2cedff20999df2af8eb42d56 -> 
  custom:framework-win-MediaFoundation: 216162199b28c13a410421893ffa2e32 -> 
  custom:container-demuxer-ogg: 62fdf1f143b41e24485cea50d1cbac27 -> 
  custom:video-decoder-webm-vp8: 9c59270c3fd7afecdb556c50c9e8de78 -> 
  custom:audio-decoder-ogg-vorbis: bf7c407c2cedff20999df2af8eb42d56 -> 
========================================================================
Received Import Request.
  Time since last request: 611429.270970 seconds.
  path: Assets/Scenes/GameScene.unity
  artifactKey: Guid(2cda990e2423bbf4892e6590ba056729) Importer(815301076,1909f56bfc062723c751e8b465ee728b)
Start importing Assets/Scenes/GameScene.unity using Guid(2cda990e2423bbf4892e6590ba056729) Importer(815301076,1909f56bfc062723c751e8b465ee728b)  -> (artifact id: '9e7164da43e54e0a25287bad873bdc8a') in 0.015947 seconds 
========================================================================
Received Prepare
Registering precompiled user dll's ...
Registered in 0.007174 seconds.
Begin MonoManager ReloadAssembly
Symbol file LoadedFromMemory doesn't match image C:\Users\humza\OneDrive\Documents\GitHub\ninja-game-new\Library\PackageCache\com.unity.visualscripting@1.7.8\Editor\VisualScripting.Core\Dependencies\YamlDotNet\Unity.VisualScripting.YamlDotNet.dll
Symbol file LoadedFromMemory doesn't match image C:\Users\humza\OneDrive\Documents\GitHub\ninja-game-new\Library\PackageCache\com.unity.visualscripting@1.7.8\Editor\VisualScripting.Core\Dependencies\DotNetZip\Unity.VisualScripting.IonicZip.dll
Native extension for WindowsStandalone target not found
Native extension for iOS target not found
Native extension for Android target not found
Native extension for WebGL target not found
Refreshing native plugins compatible for Editor in 1.52 ms, found 4 plugins.
Preloading 0 native plugins for Editor in 0.00 ms.
Mono: successfully reloaded assembly
- Completed reload, in  1.547 seconds
Domain Reload Profiling:
	ReloadAssembly (1548ms)
		BeginReloadAssembly (131ms)
			ExecutionOrderSort (0ms)
			DisableScriptedObjects (7ms)
			BackupInstance (0ms)
			ReleaseScriptingObjects (0ms)
			CreateAndSetChildDomain (43ms)
		EndReloadAssembly (1298ms)
			LoadAssemblies (119ms)
			RebuildTransferFunctionScriptingTraits (0ms)
			SetupTypeCache (430ms)
			ReleaseScriptCaches (3ms)
			RebuildScriptCaches (84ms)
			SetupLoadedEditorAssemblies (552ms)
				LogAssemblyErrors (0ms)
				InitializePlatformSupportModulesInManaged (51ms)
				SetLoadedEditorAssemblies (1ms)
				RefreshPlugins (2ms)
				BeforeProcessingInitializeOnLoad (107ms)
				ProcessInitializeOnLoadAttributes (315ms)
				ProcessInitializeOnLoadMethodAttributes (69ms)
				AfterProcessingInitializeOnLoad (7ms)
				EditorAssembliesLoaded (1ms)
			ExecutionOrderSort2 (0ms)
			AwakeInstancesAfterBackupRestoration (14ms)
Platform modules already initialized, skipping
Refreshing native plugins compatible for Editor in 5.48 ms, found 4 plugins.
Preloading 0 native plugins for Editor in 0.00 ms.
Unloading 4097 Unused Serialized files (Serialized files now loaded: 0)
Unloading 25 unused Assets / (24.7 KB). Loaded Objects now: 4584.
Memory consumption went from 152.7 MB to 152.7 MB.
Total: 7.261500 ms (FindLiveObjects: 1.001800 ms CreateObjectMapping: 0.170700 ms MarkObjects: 5.895600 ms  DeleteObjects: 0.190000 ms)

AssetImportParameters requested are different than current active one (requested -> active):
  custom:video-decoder-ogg-theora: a1e56fd34408186e4bbccfd4996cb3dc -> 
  custom:container-muxer-webm: aa71ff27fc2769a1b78a27578f13a17b -> 
  custom:container-demuxer-webm: 4f35f7cbe854078d1ac9338744f61a02 -> 
  custom:video-encoder-webm-vp8: eb34c28f22e8b96e1ab97ce403110664 -> 
  custom:video-codec-MediaFoundation-h265: 746d11721c4dcdbdad8f713fa42b33f4 -> 
  custom:audio-encoder-webm-vorbis: bf7c407c2cedff20999df2af8eb42d56 -> 
  custom:framework-win-MediaFoundation: 216162199b28c13a410421893ffa2e32 -> 
  custom:container-demuxer-ogg: 62fdf1f143b41e24485cea50d1cbac27 -> 
  custom:video-decoder-webm-vp8: 9c59270c3fd7afecdb556c50c9e8de78 -> 
  custom:audio-decoder-ogg-vorbis: bf7c407c2cedff20999df2af8eb42d56 -> 
========================================================================
Received Prepare
Registering precompiled user dll's ...
Registered in 0.006397 seconds.
Begin MonoManager ReloadAssembly
Symbol file LoadedFromMemory doesn't match image C:\Users\humza\OneDrive\Documents\GitHub\ninja-game-new\Library\PackageCache\com.unity.visualscripting@1.7.8\Editor\VisualScripting.Core\Dependencies\YamlDotNet\Unity.VisualScripting.YamlDotNet.dll
Symbol file LoadedFromMemory doesn't match image C:\Users\humza\OneDrive\Documents\GitHub\ninja-game-new\Library\PackageCache\com.unity.visualscripting@1.7.8\Editor\VisualScripting.Core\Dependencies\DotNetZip\Unity.VisualScripting.IonicZip.dll
Native extension for WindowsStandalone target not found
Native extension for iOS target not found
Native extension for Android target not found
Native extension for WebGL target not found
Refreshing native plugins compatible for Editor in 2.50 ms, found 4 plugins.
Preloading 0 native plugins for Editor in 0.00 ms.
Mono: successfully reloaded assembly
- Completed reload, in  1.582 seconds
Domain Reload Profiling:
	ReloadAssembly (1583ms)
		BeginReloadAssembly (154ms)
			ExecutionOrderSort (0ms)
			DisableScriptedObjects (6ms)
			BackupInstance (0ms)
			ReleaseScriptingObjects (0ms)
			CreateAndSetChildDomain (47ms)
		EndReloadAssembly (1278ms)
			LoadAssemblies (133ms)
			RebuildTransferFunctionScriptingTraits (0ms)
			SetupTypeCache (415ms)
			ReleaseScriptCaches (3ms)
			RebuildScriptCaches (84ms)
			SetupLoadedEditorAssemblies (544ms)
				LogAssemblyErrors (0ms)
				InitializePlatformSupportModulesInManaged (59ms)
				SetLoadedEditorAssemblies (1ms)
				RefreshPlugins (3ms)
				BeforeProcessingInitializeOnLoad (101ms)
				ProcessInitializeOnLoadAttributes (299ms)
				ProcessInitializeOnLoadMethodAttributes (73ms)
				AfterProcessingInitializeOnLoad (8ms)
				EditorAssembliesLoaded (0ms)
			ExecutionOrderSort2 (0ms)
			AwakeInstancesAfterBackupRestoration (16ms)
Platform modules already initialized, skipping
Refreshing native plugins compatible for Editor in 6.65 ms, found 4 plugins.
Preloading 0 native plugins for Editor in 0.00 ms.
Unloading 4097 Unused Serialized files (Serialized files now loaded: 0)
Unloading 25 unused Assets / (24.7 KB). Loaded Objects now: 4587.
Memory consumption went from 152.8 MB to 152.7 MB.
Total: 8.434500 ms (FindLiveObjects: 1.178800 ms CreateObjectMapping: 0.227500 ms MarkObjects: 6.821900 ms  DeleteObjects: 0.200500 ms)

AssetImportParameters requested are different than current active one (requested -> active):
  custom:video-decoder-ogg-theora: a1e56fd34408186e4bbccfd4996cb3dc -> 
  custom:container-muxer-webm: aa71ff27fc2769a1b78a27578f13a17b -> 
  custom:container-demuxer-webm: 4f35f7cbe854078d1ac9338744f61a02 -> 
  custom:video-encoder-webm-vp8: eb34c28f22e8b96e1ab97ce403110664 -> 
  custom:video-codec-MediaFoundation-h265: 746d11721c4dcdbdad8f713fa42b33f4 -> 
  custom:audio-encoder-webm-vorbis: bf7c407c2cedff20999df2af8eb42d56 -> 
  custom:framework-win-MediaFoundation: 216162199b28c13a410421893ffa2e32 -> 
  custom:container-demuxer-ogg: 62fdf1f143b41e24485cea50d1cbac27 -> 
  custom:video-decoder-webm-vp8: 9c59270c3fd7afecdb556c50c9e8de78 -> 
  custom:audio-decoder-ogg-vorbis: bf7c407c2cedff20999df2af8eb42d56 -> 
========================================================================
Received Import Request.
  Time since last request: 245.574931 seconds.
  path: Assets/My drawings/newja/Animations
  artifactKey: Guid(31ff7ec294da1fc4995674842ef6a905) Importer(815301076,1909f56bfc062723c751e8b465ee728b)
Start importing Assets/My drawings/newja/Animations using Guid(31ff7ec294da1fc4995674842ef6a905) Importer(815301076,1909f56bfc062723c751e8b465ee728b)  -> (artifact id: 'abcd4d36e812dc725ed8d60e81f09aa9') in 0.015085 seconds 
========================================================================
Received Import Request.
  Time since last request: 8.827300 seconds.
  path: Assets/Mighty Heroes (Rogue) 2D Fantasy Characters Pack/Animations/Rogue_animations
  artifactKey: Guid(7f8b0492810aa164d970076ba09b37ba) Importer(815301076,1909f56bfc062723c751e8b465ee728b)
Start importing Assets/Mighty Heroes (Rogue) 2D Fantasy Characters Pack/Animations/Rogue_animations using Guid(7f8b0492810aa164d970076ba09b37ba) Importer(815301076,1909f56bfc062723c751e8b465ee728b)  -> (artifact id: '0df928e8b53832a06137c0e4f6b00703') in 0.009447 seconds 
========================================================================
Received Import Request.
  Time since last request: 121.384712 seconds.
  path: Assets/Materials/226177.mat
  artifactKey: Guid(587a45065c4765d46a6d6c12a8699772) Importer(815301076,1909f56bfc062723c751e8b465ee728b)
Start importing Assets/Materials/226177.mat using Guid(587a45065c4765d46a6d6c12a8699772) Importer(815301076,1909f56bfc062723c751e8b465ee728b)  -> (artifact id: 'e09b8f1a548d646e6ed5fc2d3c92d8a2') in 0.185119 seconds 
========================================================================
Received Import Request.
  Time since last request: 1703.138820 seconds.
  path: Assets/Backgrounds/Cloud01.png
  artifactKey: Guid(606e62fa40f973346baac704e1a0c06a) Importer(815301076,1909f56bfc062723c751e8b465ee728b)
Start importing Assets/Backgrounds/Cloud01.png using Guid(606e62fa40f973346baac704e1a0c06a) Importer(815301076,1909f56bfc062723c751e8b465ee728b)  -> (artifact id: '2fbe6f899c47a8211d06c7a2162c51d3') in 0.501827 seconds 
========================================================================
Received Import Request.
  Time since last request: 0.001223 seconds.
  path: Assets/Backgrounds/Clouds04.png
  artifactKey: Guid(5cd9055a783fa67469fe77d7848f4a7b) Importer(815301076,1909f56bfc062723c751e8b465ee728b)
Start importing Assets/Backgrounds/Clouds04.png using Guid(5cd9055a783fa67469fe77d7848f4a7b) Importer(815301076,1909f56bfc062723c751e8b465ee728b)  -> (artifact id: '4257a00e05e1df426726afbcd9de2b67') in 0.027976 seconds 
========================================================================
Received Import Request.
  Time since last request: 0.000059 seconds.
  path: Assets/Backgrounds/game_background_3.png
  artifactKey: Guid(7f06f10201b215d44b4bcce807b934bc) Importer(815301076,1909f56bfc062723c751e8b465ee728b)
Start importing Assets/Backgrounds/game_background_3.png using Guid(7f06f10201b215d44b4bcce807b934bc) Importer(815301076,1909f56bfc062723c751e8b465ee728b)  -> (artifact id: '1afd4478308940183869006f259e5949') in 0.166024 seconds 
========================================================================
Received Import Request.
  Time since last request: 0.000039 seconds.
  path: Assets/Backgrounds/game_background_1.png
  artifactKey: Guid(bb58a73756aa3c54eb86225207a3f634) Importer(815301076,1909f56bfc062723c751e8b465ee728b)
Start importing Assets/Backgrounds/game_background_1.png using Guid(bb58a73756aa3c54eb86225207a3f634) Importer(815301076,1909f56bfc062723c751e8b465ee728b)  -> (artifact id: '7c441411d47acfb7a850378d9fdb6bf6') in 0.135403 seconds 
========================================================================
Received Import Request.
  Time since last request: 0.000037 seconds.
  path: Assets/Backgrounds/game_background_2.png
  artifactKey: Guid(e2ea0e44e76e26e48b9016590067ce66) Importer(815301076,1909f56bfc062723c751e8b465ee728b)
Start importing Assets/Backgrounds/game_background_2.png using Guid(e2ea0e44e76e26e48b9016590067ce66) Importer(815301076,1909f56bfc062723c751e8b465ee728b)  -> (artifact id: 'cb8264edf2b09fb445523dffe8b5b739') in 0.140715 seconds 
========================================================================
Received Import Request.
  Time since last request: 0.000110 seconds.
  path: Assets/Backgrounds/game_background_4.png
  artifactKey: Guid(b20f8c6a12077614690bf9bfbc670dcc) Importer(815301076,1909f56bfc062723c751e8b465ee728b)
Start importing Assets/Backgrounds/game_background_4.png using Guid(b20f8c6a12077614690bf9bfbc670dcc) Importer(815301076,1909f56bfc062723c751e8b465ee728b)  -> (artifact id: '811bb2905270685e9c52027d1803438e') in 0.142005 seconds 
========================================================================
Received Prepare
Registering precompiled user dll's ...
Registered in 0.007005 seconds.
Begin MonoManager ReloadAssembly
Symbol file LoadedFromMemory doesn't match image C:\Users\humza\OneDrive\Documents\GitHub\ninja-game-new\Library\PackageCache\com.unity.visualscripting@1.7.8\Editor\VisualScripting.Core\Dependencies\YamlDotNet\Unity.VisualScripting.YamlDotNet.dll
Symbol file LoadedFromMemory doesn't match image C:\Users\humza\OneDrive\Documents\GitHub\ninja-game-new\Library\PackageCache\com.unity.visualscripting@1.7.8\Editor\VisualScripting.Core\Dependencies\DotNetZip\Unity.VisualScripting.IonicZip.dll
Native extension for WindowsStandalone target not found
Native extension for iOS target not found
Native extension for Android target not found
Native extension for WebGL target not found
Refreshing native plugins compatible for Editor in 1.77 ms, found 4 plugins.
Preloading 0 native plugins for Editor in 0.00 ms.
Mono: successfully reloaded assembly
- Completed reload, in  1.840 seconds
Domain Reload Profiling:
	ReloadAssembly (1842ms)
		BeginReloadAssembly (531ms)
			ExecutionOrderSort (0ms)
			DisableScriptedObjects (71ms)
			BackupInstance (0ms)
			ReleaseScriptingObjects (0ms)
			CreateAndSetChildDomain (247ms)
		EndReloadAssembly (1161ms)
			LoadAssemblies (176ms)
			RebuildTransferFunctionScriptingTraits (0ms)
			SetupTypeCache (432ms)
			ReleaseScriptCaches (3ms)
			RebuildScriptCaches (81ms)
			SetupLoadedEditorAssemblies (452ms)
				LogAssemblyErrors (0ms)
				InitializePlatformSupportModulesInManaged (49ms)
				SetLoadedEditorAssemblies (1ms)
				RefreshPlugins (2ms)
				BeforeProcessingInitializeOnLoad (104ms)
				ProcessInitializeOnLoadAttributes (251ms)
				ProcessInitializeOnLoadMethodAttributes (40ms)
				AfterProcessingInitializeOnLoad (6ms)
				EditorAssembliesLoaded (0ms)
			ExecutionOrderSort2 (0ms)
			AwakeInstancesAfterBackupRestoration (10ms)
Platform modules already initialized, skipping
Refreshing native plugins compatible for Editor in 3.94 ms, found 4 plugins.
Preloading 0 native plugins for Editor in 0.00 ms.
Unloading 4097 Unused Serialized files (Serialized files now loaded: 0)
Unloading 25 unused Assets / (24.8 KB). Loaded Objects now: 4636.
Memory consumption went from 157.3 MB to 157.3 MB.
Total: 5.398400 ms (FindLiveObjects: 0.340800 ms CreateObjectMapping: 0.103600 ms MarkObjects: 4.912100 ms  DeleteObjects: 0.040800 ms)

AssetImportParameters requested are different than current active one (requested -> active):
  custom:video-decoder-ogg-theora: a1e56fd34408186e4bbccfd4996cb3dc -> 
  custom:container-muxer-webm: aa71ff27fc2769a1b78a27578f13a17b -> 
  custom:container-demuxer-webm: 4f35f7cbe854078d1ac9338744f61a02 -> 
  custom:video-encoder-webm-vp8: eb34c28f22e8b96e1ab97ce403110664 -> 
  custom:video-codec-MediaFoundation-h265: 746d11721c4dcdbdad8f713fa42b33f4 -> 
  custom:audio-encoder-webm-vorbis: bf7c407c2cedff20999df2af8eb42d56 -> 
  custom:framework-win-MediaFoundation: 216162199b28c13a410421893ffa2e32 -> 
  custom:container-demuxer-ogg: 62fdf1f143b41e24485cea50d1cbac27 -> 
  custom:video-decoder-webm-vp8: 9c59270c3fd7afecdb556c50c9e8de78 -> 
  custom:audio-decoder-ogg-vorbis: bf7c407c2cedff20999df2af8eb42d56 -> 
========================================================================
Received Import Request.
  Time since last request: 490.827989 seconds.
  path: Assets/My drawings/Ninja animation/Ninja idle sprites/1.psd
  artifactKey: Guid(537bec95b01d4cd4ab767fd9a04890ed) Importer(815301076,1909f56bfc062723c751e8b465ee728b)
Start importing Assets/My drawings/Ninja animation/Ninja idle sprites/1.psd using Guid(537bec95b01d4cd4ab767fd9a04890ed) Importer(815301076,1909f56bfc062723c751e8b465ee728b)  -> (artifact id: '6b0d384aebc42fcd55681e24dbc9fdfe') in 0.372022 seconds 
========================================================================
Received Import Request.
  Time since last request: 0.000047 seconds.
  path: Assets/My drawings/Ninja animation/ninja attack sprites/1.psd
  artifactKey: Guid(e950f0f6bbc6d8544aa8990b621cf234) Importer(815301076,1909f56bfc062723c751e8b465ee728b)
Start importing Assets/My drawings/Ninja animation/ninja attack sprites/1.psd using Guid(e950f0f6bbc6d8544aa8990b621cf234) Importer(815301076,1909f56bfc062723c751e8b465ee728b)  -> (artifact id: 'e326915ed7a44e8e58be335c8cbfb950') in 0.223423 seconds 
========================================================================
Received Import Request.
  Time since last request: 0.000045 seconds.
  path: Assets/My drawings/Ninja animation/Animations/Ninja attack/1.psd
  artifactKey: Guid(54bf1484838753c4695939a4a256b7d7) Importer(815301076,1909f56bfc062723c751e8b465ee728b)
Start importing Assets/My drawings/Ninja animation/Animations/Ninja attack/1.psd using Guid(54bf1484838753c4695939a4a256b7d7) Importer(815301076,1909f56bfc062723c751e8b465ee728b)  -> (artifact id: '1faa325db0549360e0216bcf60c7a86d') in 0.220229 seconds 
========================================================================
Received Import Request.
  Time since last request: 0.000039 seconds.
  path: Assets/My drawings/Ninja animation/Animations/Ninja attack/2.psd
  artifactKey: Guid(456e300284df391448efdbb7ead1f9c0) Importer(815301076,1909f56bfc062723c751e8b465ee728b)
Start importing Assets/My drawings/Ninja animation/Animations/Ninja attack/2.psd using Guid(456e300284df391448efdbb7ead1f9c0) Importer(815301076,1909f56bfc062723c751e8b465ee728b)  -> (artifact id: '38f51b8a6798109bbbf7e468b1426fb8') in 0.228751 seconds 
========================================================================
Received Import Request.
  Time since last request: 0.841297 seconds.
  path: Assets/My drawings/Ninja animation/ninja attack sprites/3.psd
  artifactKey: Guid(34dce70ea56038b499ecc45d9b5bf684) Importer(815301076,1909f56bfc062723c751e8b465ee728b)
Start importing Assets/My drawings/Ninja animation/ninja attack sprites/3.psd using Guid(34dce70ea56038b499ecc45d9b5bf684) Importer(815301076,1909f56bfc062723c751e8b465ee728b)  -> (artifact id: 'ca28929b0c96e8a7432e652db3352ea3') in 0.213806 seconds 
========================================================================
Received Import Request.
  Time since last request: 0.105088 seconds.
  path: Assets/My drawings/Ninja animation/Ninja idle sprites/4.psd
  artifactKey: Guid(8131c970335079f49acb12d447937771) Importer(815301076,1909f56bfc062723c751e8b465ee728b)
Start importing Assets/My drawings/Ninja animation/Ninja idle sprites/4.psd using Guid(8131c970335079f49acb12d447937771) Importer(815301076,1909f56bfc062723c751e8b465ee728b)  -> (artifact id: '80e5306496cbf2e9a2585ccb986c7eca') in 0.219083 seconds 
========================================================================
Received Import Request.
  Time since last request: 0.048704 seconds.
  path: Assets/Enemies/Monster_Creatures/Monster_Creatures/Mushroom/Attack3.png
  artifactKey: Guid(3def1bd38a83d1d41a5bba461e2d1764) Importer(815301076,1909f56bfc062723c751e8b465ee728b)
Start importing Assets/Enemies/Monster_Creatures/Monster_Creatures/Mushroom/Attack3.png using Guid(3def1bd38a83d1d41a5bba461e2d1764) Importer(815301076,1909f56bfc062723c751e8b465ee728b)  -> (artifact id: '1f38ee302fca6426e9188a3877308fbd') in 0.054703 seconds 
========================================================================
Received Import Request.
  Time since last request: 1.201515 seconds.
  path: Assets/My drawings/newja/Sprites/Dead/Dead__001.png
  artifactKey: Guid(c4d5d3cebdfc6f6428a389c6ef582319) Importer(815301076,1909f56bfc062723c751e8b465ee728b)
Start importing Assets/My drawings/newja/Sprites/Dead/Dead__001.png using Guid(c4d5d3cebdfc6f6428a389c6ef582319) Importer(815301076,1909f56bfc062723c751e8b465ee728b)  -> (artifact id: 'dfb08c8fbdb0494b1a0c41fa17ffb208') in 0.047767 seconds 
========================================================================
Received Import Request.
  Time since last request: 0.004379 seconds.
  path: Assets/My drawings/newja/Sprites/Dead/Dead__003.png
  artifactKey: Guid(33440d7857050bf40958370c50e8185c) Importer(815301076,1909f56bfc062723c751e8b465ee728b)
Start importing Assets/My drawings/newja/Sprites/Dead/Dead__003.png using Guid(33440d7857050bf40958370c50e8185c) Importer(815301076,1909f56bfc062723c751e8b465ee728b)  -> (artifact id: 'c4cdd3727986f64325c5c883bd713a4c') in 0.054479 seconds 
========================================================================
Received Import Request.
  Time since last request: 0.175377 seconds.
  path: Assets/My drawings/newja/Sprites/Dead/Dead__006.png
  artifactKey: Guid(2fe37b8d53f1d9743b03cbccddd760e3) Importer(815301076,1909f56bfc062723c751e8b465ee728b)
Start importing Assets/My drawings/newja/Sprites/Dead/Dead__006.png using Guid(2fe37b8d53f1d9743b03cbccddd760e3) Importer(815301076,1909f56bfc062723c751e8b465ee728b)  -> (artifact id: '464a015ee9e367f966e5ecd6c1e572be') in 0.043008 seconds 
========================================================================
Received Import Request.
  Time since last request: 0.000070 seconds.
  path: Assets/My drawings/newja/Sprites/Dead/Dead__008.png
  artifactKey: Guid(1ef94cc6b74b70243a37cfbc337bd829) Importer(815301076,1909f56bfc062723c751e8b465ee728b)
Start importing Assets/My drawings/newja/Sprites/Dead/Dead__008.png using Guid(1ef94cc6b74b70243a37cfbc337bd829) Importer(815301076,1909f56bfc062723c751e8b465ee728b)  -> (artifact id: '70773e77f34b85c968932f56ff1c4b9f') in 0.051142 seconds 
========================================================================
Received Import Request.
  Time since last request: 0.273322 seconds.
  path: Assets/My drawings/newja/Sprites/Idle/Idle__001.png
  artifactKey: Guid(65289586a77af6f49bb46c9dc7246167) Importer(815301076,1909f56bfc062723c751e8b465ee728b)
Start importing Assets/My drawings/newja/Sprites/Idle/Idle__001.png using Guid(65289586a77af6f49bb46c9dc7246167) Importer(815301076,1909f56bfc062723c751e8b465ee728b)  -> (artifact id: '3f1e9e2f21b7f040c092545a8b7da2b9') in 0.045070 seconds 
========================================================================
Received Import Request.
  Time since last request: 0.215354 seconds.
  path: Assets/My drawings/newja/Sprites/Idle/Idle__004.png
  artifactKey: Guid(ad7f35882032fd344ae8e0013f6a5577) Importer(815301076,1909f56bfc062723c751e8b465ee728b)
Start importing Assets/My drawings/newja/Sprites/Idle/Idle__004.png using Guid(ad7f35882032fd344ae8e0013f6a5577) Importer(815301076,1909f56bfc062723c751e8b465ee728b)  -> (artifact id: 'ffa824f68687054588523ea5b8ad69ec') in 0.026924 seconds 
========================================================================
Received Import Request.
  Time since last request: 0.031802 seconds.
  path: Assets/My drawings/newja/Sprites/Idle/Idle__007.png
  artifactKey: Guid(fa124a981c98f524cbe01bb3de7e9be9) Importer(815301076,1909f56bfc062723c751e8b465ee728b)
Start importing Assets/My drawings/newja/Sprites/Idle/Idle__007.png using Guid(fa124a981c98f524cbe01bb3de7e9be9) Importer(815301076,1909f56bfc062723c751e8b465ee728b)  -> (artifact id: 'de28c43d78fa28848f57dac03c30c249') in 0.037700 seconds 
========================================================================
Received Import Request.
  Time since last request: 0.218013 seconds.
  path: Assets/My drawings/newja/Sprites/Jump/Jump__000.png
  artifactKey: Guid(ec56b06d58d4f2c458563e39489821ef) Importer(815301076,1909f56bfc062723c751e8b465ee728b)
Start importing Assets/My drawings/newja/Sprites/Jump/Jump__000.png using Guid(ec56b06d58d4f2c458563e39489821ef) Importer(815301076,1909f56bfc062723c751e8b465ee728b)  -> (artifact id: '462430a1dd101545ceb8c9aa8fbee710') in 0.076206 seconds 
========================================================================
Received Import Request.
  Time since last request: 0.202393 seconds.
  path: Assets/My drawings/newja/Sprites/Jump/Jump__005.png
  artifactKey: Guid(90cb550e613cf30409f8abaa3eb34df6) Importer(815301076,1909f56bfc062723c751e8b465ee728b)
Start importing Assets/My drawings/newja/Sprites/Jump/Jump__005.png using Guid(90cb550e613cf30409f8abaa3eb34df6) Importer(815301076,1909f56bfc062723c751e8b465ee728b)  -> (artifact id: 'd59b0255792dba4426cbcc2b6b33bd05') in 0.036230 seconds 
========================================================================
Received Import Request.
  Time since last request: 0.000035 seconds.
  path: Assets/My drawings/newja/Sprites/Jump/Jump__008.png
  artifactKey: Guid(2644b3efbecd1ab4681e7d58ced965f8) Importer(815301076,1909f56bfc062723c751e8b465ee728b)
Start importing Assets/My drawings/newja/Sprites/Jump/Jump__008.png using Guid(2644b3efbecd1ab4681e7d58ced965f8) Importer(815301076,1909f56bfc062723c751e8b465ee728b)  -> (artifact id: 'a528956bb20a2312539a866ea6ff4dda') in 0.045108 seconds 
========================================================================
Received Import Request.
  Time since last request: 0.236409 seconds.
  path: Assets/Mighty Heroes (Rogue) 2D Fantasy Characters Pack/Rogue/Rogue_01.png
  artifactKey: Guid(5f184284ff230b44992dfd45d7153af4) Importer(815301076,1909f56bfc062723c751e8b465ee728b)
Start importing Assets/Mighty Heroes (Rogue) 2D Fantasy Characters Pack/Rogue/Rogue_01.png using Guid(5f184284ff230b44992dfd45d7153af4) Importer(815301076,1909f56bfc062723c751e8b465ee728b)  -> (artifact id: 'd1fb65b957f6bfd9db340c4e3740d52e') in 0.096808 seconds 
========================================================================
Received Import Request.
  Time since last request: 0.000033 seconds.
  path: Assets/Mighty Heroes (Rogue) 2D Fantasy Characters Pack/Rogue/Rogue_boot_l_03.png
  artifactKey: Guid(2932647fff9189e40a62a25143f3f534) Importer(815301076,1909f56bfc062723c751e8b465ee728b)
Start importing Assets/Mighty Heroes (Rogue) 2D Fantasy Characters Pack/Rogue/Rogue_boot_l_03.png using Guid(2932647fff9189e40a62a25143f3f534) Importer(815301076,1909f56bfc062723c751e8b465ee728b)  -> (artifact id: 'eb851d17ec2688d86b5b50c08ae90038') in 0.078574 seconds 
========================================================================
Received Import Request.
  Time since last request: 0.105577 seconds.
  path: Assets/Mighty Heroes (Rogue) 2D Fantasy Characters Pack/Rogue/Rogue_boot_r_01.png
  artifactKey: Guid(ed569bcf23ebe674180d6ae7a5d29495) Importer(815301076,1909f56bfc062723c751e8b465ee728b)
Start importing Assets/Mighty Heroes (Rogue) 2D Fantasy Characters Pack/Rogue/Rogue_boot_r_01.png using Guid(ed569bcf23ebe674180d6ae7a5d29495) Importer(815301076,1909f56bfc062723c751e8b465ee728b)  -> (artifact id: '6a6799bba983091c32c615a45226ef20') in 0.069882 seconds 
========================================================================
Received Import Request.
  Time since last request: 0.000037 seconds.
  path: Assets/Mighty Heroes (Rogue) 2D Fantasy Characters Pack/Rogue/Rogue_boot_r_05.png
  artifactKey: Guid(debc4edcc117abe4f8600caca642318f) Importer(815301076,1909f56bfc062723c751e8b465ee728b)
Start importing Assets/Mighty Heroes (Rogue) 2D Fantasy Characters Pack/Rogue/Rogue_boot_r_05.png using Guid(debc4edcc117abe4f8600caca642318f) Importer(815301076,1909f56bfc062723c751e8b465ee728b)  -> (artifact id: '350ee8b84124c531b2b0c11ef1a8b5f6') in 0.087288 seconds 
========================================================================
Received Import Request.
  Time since last request: 0.810917 seconds.
  path: Assets/Mighty Heroes (Rogue) 2D Fantasy Characters Pack/Rogue/Rogue_elbow_l_02.png
  artifactKey: Guid(3a94b1e5121a110479590d1d60ce75f0) Importer(815301076,1909f56bfc062723c751e8b465ee728b)
Start importing Assets/Mighty Heroes (Rogue) 2D Fantasy Characters Pack/Rogue/Rogue_elbow_l_02.png using Guid(3a94b1e5121a110479590d1d60ce75f0) Importer(815301076,1909f56bfc062723c751e8b465ee728b)  -> (artifact id: '34408ea00f42a9a9e4c1d9ca785f20b6') in 0.074603 seconds 
========================================================================
Received Import Request.
  Time since last request: 0.000043 seconds.
  path: Assets/Mighty Heroes (Rogue) 2D Fantasy Characters Pack/Rogue/Rogue_elbow_r_03.png
  artifactKey: Guid(c100ecf6707adf24083cea1e4063c659) Importer(815301076,1909f56bfc062723c751e8b465ee728b)
Start importing Assets/Mighty Heroes (Rogue) 2D Fantasy Characters Pack/Rogue/Rogue_elbow_r_03.png using Guid(c100ecf6707adf24083cea1e4063c659) Importer(815301076,1909f56bfc062723c751e8b465ee728b)  -> (artifact id: 'f265ee41f88acf4f975f025c25f45028') in 0.083375 seconds 
========================================================================
Received Import Request.
  Time since last request: 0.000049 seconds.
  path: Assets/Mighty Heroes (Rogue) 2D Fantasy Characters Pack/Rogue/Rogue_pelvis_02.png
  artifactKey: Guid(27fe921d9d4bdb24eb91cc1e96a04f02) Importer(815301076,1909f56bfc062723c751e8b465ee728b)
Start importing Assets/Mighty Heroes (Rogue) 2D Fantasy Characters Pack/Rogue/Rogue_pelvis_02.png using Guid(27fe921d9d4bdb24eb91cc1e96a04f02) Importer(815301076,1909f56bfc062723c751e8b465ee728b)  -> (artifact id: '812418428d39d4f07b4411171b901d30') in 0.085807 seconds 
========================================================================
Received Import Request.
  Time since last request: 0.000033 seconds.
  path: Assets/Mighty Heroes (Rogue) 2D Fantasy Characters Pack/Rogue/Rogue_shoulder_l_04.png
  artifactKey: Guid(7c0d0c89b736eb54cac31e27a02a92e5) Importer(815301076,1909f56bfc062723c751e8b465ee728b)
Start importing Assets/Mighty Heroes (Rogue) 2D Fantasy Characters Pack/Rogue/Rogue_shoulder_l_04.png using Guid(7c0d0c89b736eb54cac31e27a02a92e5) Importer(815301076,1909f56bfc062723c751e8b465ee728b)  -> (artifact id: 'a1fd9d1a1e3e3c8a54fd1e83df57956e') in 0.082173 seconds 
========================================================================
Received Import Request.
  Time since last request: 0.000036 seconds.
  path: Assets/Mighty Heroes (Rogue) 2D Fantasy Characters Pack/Weapons/Rogue_weapon_004.png
  artifactKey: Guid(c2f0536a0535f2d48842f8525beb4bb6) Importer(815301076,1909f56bfc062723c751e8b465ee728b)
Start importing Assets/Mighty Heroes (Rogue) 2D Fantasy Characters Pack/Weapons/Rogue_weapon_004.png using Guid(c2f0536a0535f2d48842f8525beb4bb6) Importer(815301076,1909f56bfc062723c751e8b465ee728b)  -> (artifact id: 'c46799d7d972781f99b7d87c11e664d7') in 0.083073 seconds 
========================================================================
Received Import Request.
  Time since last request: 0.000169 seconds.
  path: Assets/Mighty Heroes (Rogue) 2D Fantasy Characters Pack/Rogue/Rogue_elbow_r_06.png
  artifactKey: Guid(ab59709aadb3a224294b3c3b5c47cc79) Importer(815301076,1909f56bfc062723c751e8b465ee728b)
Start importing Assets/Mighty Heroes (Rogue) 2D Fantasy Characters Pack/Rogue/Rogue_elbow_r_06.png using Guid(ab59709aadb3a224294b3c3b5c47cc79) Importer(815301076,1909f56bfc062723c751e8b465ee728b)  -> (artifact id: '900b51b7d16b18bedb0b0375188b8184') in 0.085787 seconds 
========================================================================
Received Import Request.
  Time since last request: 0.000046 seconds.
  path: Assets/Mighty Heroes (Rogue) 2D Fantasy Characters Pack/Rogue/Rogue_leg_l_06.png
  artifactKey: Guid(0038d4b0669b99846b9be93321f9d7a4) Importer(815301076,1909f56bfc062723c751e8b465ee728b)
Start importing Assets/Mighty Heroes (Rogue) 2D Fantasy Characters Pack/Rogue/Rogue_leg_l_06.png using Guid(0038d4b0669b99846b9be93321f9d7a4) Importer(815301076,1909f56bfc062723c751e8b465ee728b)  -> (artifact id: '58893514ed002e7e0ce128ac2362a62a') in 0.088240 seconds 
========================================================================
Received Import Request.
  Time since last request: 0.000036 seconds.
  path: Assets/Mighty Heroes (Rogue) 2D Fantasy Characters Pack/Rogue/Rogue_shoulder_r_02.png
  artifactKey: Guid(a471110b5fe3bcc4caff7ad9ff13d244) Importer(815301076,1909f56bfc062723c751e8b465ee728b)
Start importing Assets/Mighty Heroes (Rogue) 2D Fantasy Characters Pack/Rogue/Rogue_shoulder_r_02.png using Guid(a471110b5fe3bcc4caff7ad9ff13d244) Importer(815301076,1909f56bfc062723c751e8b465ee728b)  -> (artifact id: '5bacd656721108d6bc9a717d088b5409') in 0.069155 seconds 
========================================================================
Received Import Request.
  Time since last request: 0.000025 seconds.
  path: Assets/Mighty Heroes (Rogue) 2D Fantasy Characters Pack/Rogue/Rogue_wrist_r_02.png
  artifactKey: Guid(574bf96e23209b64eb8fa4c82d71564c) Importer(815301076,1909f56bfc062723c751e8b465ee728b)
Start importing Assets/Mighty Heroes (Rogue) 2D Fantasy Characters Pack/Rogue/Rogue_wrist_r_02.png using Guid(574bf96e23209b64eb8fa4c82d71564c) Importer(815301076,1909f56bfc062723c751e8b465ee728b)  -> (artifact id: '8c5c47648ce9eab47441b9e7938ce9e6') in 0.066366 seconds 
========================================================================
Received Import Request.
  Time since last request: 0.000029 seconds.
  path: Assets/Mighty Heroes (Rogue) 2D Fantasy Characters Pack/Rogue/Rogue_leg_r_01.png
  artifactKey: Guid(7b78357522a34d64bb8775b962b0deb0) Importer(815301076,1909f56bfc062723c751e8b465ee728b)
Start importing Assets/Mighty Heroes (Rogue) 2D Fantasy Characters Pack/Rogue/Rogue_leg_r_01.png using Guid(7b78357522a34d64bb8775b962b0deb0) Importer(815301076,1909f56bfc062723c751e8b465ee728b)  -> (artifact id: '06e33c166daeff84a3a465bad468c340') in 0.082224 seconds 
========================================================================
Received Import Request.
  Time since last request: 0.000055 seconds.
  path: Assets/Mighty Heroes (Rogue) 2D Fantasy Characters Pack/Rogue/Rogue_shoulder_l_01.png
  artifactKey: Guid(aa3c97470a4d5234ea50591a35ff9616) Importer(815301076,1909f56bfc062723c751e8b465ee728b)
Start importing Assets/Mighty Heroes (Rogue) 2D Fantasy Characters Pack/Rogue/Rogue_shoulder_l_01.png using Guid(aa3c97470a4d5234ea50591a35ff9616) Importer(815301076,1909f56bfc062723c751e8b465ee728b)  -> (artifact id: '0c4f64fe9a8a77f5af509df67e26356c') in 0.069569 seconds 
========================================================================
Received Import Request.
  Time since last request: 0.000026 seconds.
  path: Assets/Mighty Heroes (Rogue) 2D Fantasy Characters Pack/Rogue/Rogue_wrist_l_01.png
  artifactKey: Guid(0d8396fbd3e20f941b37c1cb7829a2e8) Importer(815301076,1909f56bfc062723c751e8b465ee728b)
Start importing Assets/Mighty Heroes (Rogue) 2D Fantasy Characters Pack/Rogue/Rogue_wrist_l_01.png using Guid(0d8396fbd3e20f941b37c1cb7829a2e8) Importer(815301076,1909f56bfc062723c751e8b465ee728b)  -> (artifact id: '89324fabf47e12e5a3f451c22b7e03f8') in 0.068899 seconds 
========================================================================
Received Import Request.
  Time since last request: 0.000026 seconds.
  path: Assets/Mighty Heroes (Rogue) 2D Fantasy Characters Pack/Weapons/Rogue_weapon_02.png
  artifactKey: Guid(0a4a3c212d77eb243aeaac660261fb0f) Importer(815301076,1909f56bfc062723c751e8b465ee728b)
Start importing Assets/Mighty Heroes (Rogue) 2D Fantasy Characters Pack/Weapons/Rogue_weapon_02.png using Guid(0a4a3c212d77eb243aeaac660261fb0f) Importer(815301076,1909f56bfc062723c751e8b465ee728b)  -> (artifact id: 'df981623942f3e075834ac53ffad9a68') in 0.078781 seconds 
========================================================================
Received Import Request.
  Time since last request: 0.000032 seconds.
  path: Assets/Mighty Heroes (Rogue) 2D Fantasy Characters Pack/Rogue/Rogue_leg_r_06.png
  artifactKey: Guid(e374a8e2ee1ae6b4c938a59399b39ffb) Importer(815301076,1909f56bfc062723c751e8b465ee728b)
Start importing Assets/Mighty Heroes (Rogue) 2D Fantasy Characters Pack/Rogue/Rogue_leg_r_06.png using Guid(e374a8e2ee1ae6b4c938a59399b39ffb) Importer(815301076,1909f56bfc062723c751e8b465ee728b)  -> (artifact id: '9055e00ac5aa66400c22fbf1183ebbea') in 0.071638 seconds 
========================================================================
Received Import Request.
  Time since last request: 0.000133 seconds.
  path: Assets/Mighty Heroes (Rogue) 2D Fantasy Characters Pack/Rogue/Rogue_wrist_r_01.png
  artifactKey: Guid(661842e23ba86e34abbf52c56c321411) Importer(815301076,1909f56bfc062723c751e8b465ee728b)
Start importing Assets/Mighty Heroes (Rogue) 2D Fantasy Characters Pack/Rogue/Rogue_wrist_r_01.png using Guid(661842e23ba86e34abbf52c56c321411) Importer(815301076,1909f56bfc062723c751e8b465ee728b)  -> (artifact id: '69d67d6baf56e683f14accb86dde247a') in 0.089829 seconds 
========================================================================
Received Import Request.
  Time since last request: 0.000028 seconds.
  path: Assets/Mighty Heroes (Rogue) 2D Fantasy Characters Pack/Rogue/Rogue_hood_01.png
  artifactKey: Guid(468244f274f38f64b85773c7888444b6) Importer(815301076,1909f56bfc062723c751e8b465ee728b)
Start importing Assets/Mighty Heroes (Rogue) 2D Fantasy Characters Pack/Rogue/Rogue_hood_01.png using Guid(468244f274f38f64b85773c7888444b6) Importer(815301076,1909f56bfc062723c751e8b465ee728b)  -> (artifact id: '246ed588cbfff26cd3b034707d1d4922') in 0.078649 seconds 
========================================================================
Received Import Request.
  Time since last request: 0.000046 seconds.
  path: Assets/Mighty Heroes (Rogue) 2D Fantasy Characters Pack/Rogue/Rogue_shoulder_r_03.png
  artifactKey: Guid(9fe981f3e80b99e429e4399b985d07f4) Importer(815301076,1909f56bfc062723c751e8b465ee728b)
Start importing Assets/Mighty Heroes (Rogue) 2D Fantasy Characters Pack/Rogue/Rogue_shoulder_r_03.png using Guid(9fe981f3e80b99e429e4399b985d07f4) Importer(815301076,1909f56bfc062723c751e8b465ee728b)  -> (artifact id: '650c0cc8263bddbd381e907d5a373800') in 0.094260 seconds 
========================================================================
Received Import Request.
  Time since last request: 0.000052 seconds.
  path: Assets/My drawings/newja/Sprites/Slide/Slide__000.png
  artifactKey: Guid(2a1aaca26c085e548acd8a6f0e56fbf1) Importer(815301076,1909f56bfc062723c751e8b465ee728b)
Start importing Assets/My drawings/newja/Sprites/Slide/Slide__000.png using Guid(2a1aaca26c085e548acd8a6f0e56fbf1) Importer(815301076,1909f56bfc062723c751e8b465ee728b)  -> (artifact id: 'fce30c780e480e2b00113ed212848c85') in 0.047657 seconds 
========================================================================
Received Import Request.
  Time since last request: 0.000043 seconds.
  path: Assets/My drawings/newja/Sprites/Slide/Slide__009.png
  artifactKey: Guid(ba81edb94875f544faaf87009afcaad8) Importer(815301076,1909f56bfc062723c751e8b465ee728b)
Start importing Assets/My drawings/newja/Sprites/Slide/Slide__009.png using Guid(ba81edb94875f544faaf87009afcaad8) Importer(815301076,1909f56bfc062723c751e8b465ee728b)  -> (artifact id: 'd8fa283b57f9b19555f570228a1bfb30') in 0.044836 seconds 
========================================================================
Received Import Request.
  Time since last request: 0.000061 seconds.
  path: Assets/My drawings/newja/Sprites/Run/Run__000.png
  artifactKey: Guid(20bd1d00698a3e44bbc3001638c378b0) Importer(815301076,1909f56bfc062723c751e8b465ee728b)
Start importing Assets/My drawings/newja/Sprites/Run/Run__000.png using Guid(20bd1d00698a3e44bbc3001638c378b0) Importer(815301076,1909f56bfc062723c751e8b465ee728b)  -> (artifact id: '982cc3620bfd96c3dd43916e91c9bb14') in 0.045818 seconds 
========================================================================
Received Import Request.
  Time since last request: 0.000049 seconds.
  path: Assets/Mighty Heroes (Rogue) 2D Fantasy Characters Pack/Rogue/Rogue_pelvis_06.png
  artifactKey: Guid(b1babcb6ce4ee78478abc5076a6d1b8d) Importer(815301076,1909f56bfc062723c751e8b465ee728b)
Start importing Assets/Mighty Heroes (Rogue) 2D Fantasy Characters Pack/Rogue/Rogue_pelvis_06.png using Guid(b1babcb6ce4ee78478abc5076a6d1b8d) Importer(815301076,1909f56bfc062723c751e8b465ee728b)  -> (artifact id: '8ee2c67392c278192cedaf1d8bc4103f') in 0.088795 seconds 
========================================================================
Received Import Request.
  Time since last request: 0.000091 seconds.
  path: Assets/My drawings/newja/Sprites/Run/Run__005.png
  artifactKey: Guid(7e52807f213300b468caf708663c3683) Importer(815301076,1909f56bfc062723c751e8b465ee728b)
Start importing Assets/My drawings/newja/Sprites/Run/Run__005.png using Guid(7e52807f213300b468caf708663c3683) Importer(815301076,1909f56bfc062723c751e8b465ee728b)  -> (artifact id: '44d95d37aa1500615db899b6702cdafb') in 0.040315 seconds 
========================================================================
Received Import Request.
  Time since last request: 0.000048 seconds.
  path: Assets/Mighty Heroes (Rogue) 2D Fantasy Characters Pack/Rogue/Rogue_elbow_l_05.png
  artifactKey: Guid(82356071de2f4a942b6c0eb7db5dbc94) Importer(815301076,1909f56bfc062723c751e8b465ee728b)
Start importing Assets/Mighty Heroes (Rogue) 2D Fantasy Characters Pack/Rogue/Rogue_elbow_l_05.png using Guid(82356071de2f4a942b6c0eb7db5dbc94) Importer(815301076,1909f56bfc062723c751e8b465ee728b)  -> (artifact id: 'd1130e323b0658c63ae9fa8353d188d7') in 0.089104 seconds 
========================================================================
Received Import Request.
  Time since last request: 0.000032 seconds.
  path: Assets/Mighty Heroes (Rogue) 2D Fantasy Characters Pack/Weapons/Rogue_weapon_001.png
  artifactKey: Guid(a67dcd548e2cfcc40b0c865c7461e835) Importer(815301076,1909f56bfc062723c751e8b465ee728b)
Start importing Assets/Mighty Heroes (Rogue) 2D Fantasy Characters Pack/Weapons/Rogue_weapon_001.png using Guid(a67dcd548e2cfcc40b0c865c7461e835) Importer(815301076,1909f56bfc062723c751e8b465ee728b)  -> (artifact id: 'edc74caa53760957e246547592caf407') in 0.089488 seconds 
========================================================================
Received Import Request.
  Time since last request: 0.000026 seconds.
  path: Assets/Mighty Heroes (Rogue) 2D Fantasy Characters Pack/Rogue/Rogue_hood_02.png
  artifactKey: Guid(f7e7bed775fff8347b9e53c67e20875f) Importer(815301076,1909f56bfc062723c751e8b465ee728b)
Start importing Assets/Mighty Heroes (Rogue) 2D Fantasy Characters Pack/Rogue/Rogue_hood_02.png using Guid(f7e7bed775fff8347b9e53c67e20875f) Importer(815301076,1909f56bfc062723c751e8b465ee728b)  -> (artifact id: '544bcbfe04da2e54b37e6578cb989846') in 0.088296 seconds 
========================================================================
Received Import Request.
  Time since last request: 0.000055 seconds.
  path: Assets/Mighty Heroes (Rogue) 2D Fantasy Characters Pack/Rogue/Rogue_torso_02.png
  artifactKey: Guid(90458a12b047bb84ba77cb7ea81ba457) Importer(815301076,1909f56bfc062723c751e8b465ee728b)
Start importing Assets/Mighty Heroes (Rogue) 2D Fantasy Characters Pack/Rogue/Rogue_torso_02.png using Guid(90458a12b047bb84ba77cb7ea81ba457) Importer(815301076,1909f56bfc062723c751e8b465ee728b)  -> (artifact id: 'b4c2dde3495d27898268d76477254adf') in 0.097461 seconds 
========================================================================
Received Import Request.
  Time since last request: 0.000052 seconds.
  path: Assets/Mighty Heroes (Rogue) 2D Fantasy Characters Pack/Weapons/Rogue_weapon_03.png
  artifactKey: Guid(ac0dddbcfbe1ac846ab5ba58507ed979) Importer(815301076,1909f56bfc062723c751e8b465ee728b)
Start importing Assets/Mighty Heroes (Rogue) 2D Fantasy Characters Pack/Weapons/Rogue_weapon_03.png using Guid(ac0dddbcfbe1ac846ab5ba58507ed979) Importer(815301076,1909f56bfc062723c751e8b465ee728b)  -> (artifact id: '8d2a3f04af13e96a59e05f69c23a1f30') in 0.090676 seconds 
========================================================================
Received Import Request.
  Time since last request: 0.000031 seconds.
  path: Assets/Mighty Heroes (Rogue) 2D Fantasy Characters Pack/Rogue/Rogue_torso_04.png
  artifactKey: Guid(3d9056df586b6024fbc5b9fee2433eef) Importer(815301076,1909f56bfc062723c751e8b465ee728b)
Start importing Assets/Mighty Heroes (Rogue) 2D Fantasy Characters Pack/Rogue/Rogue_torso_04.png using Guid(3d9056df586b6024fbc5b9fee2433eef) Importer(815301076,1909f56bfc062723c751e8b465ee728b)  -> (artifact id: '08b40a96b5963e748cdfe6fd3505bc75') in 0.087706 seconds 
========================================================================
Received Import Request.
  Time since last request: 0.000044 seconds.
  path: Assets/My drawings/newja/Sprites/Slide/Slide__005.png
  artifactKey: Guid(04f5544cff368a4408846eae1c9441d6) Importer(815301076,1909f56bfc062723c751e8b465ee728b)
Start importing Assets/My drawings/newja/Sprites/Slide/Slide__005.png using Guid(04f5544cff368a4408846eae1c9441d6) Importer(815301076,1909f56bfc062723c751e8b465ee728b)  -> (artifact id: '65b1cf069ba71abbe53df60be301c32e') in 0.049932 seconds 
========================================================================
Received Import Request.
  Time since last request: 0.000061 seconds.
  path: Assets/Mighty Heroes (Rogue) 2D Fantasy Characters Pack/Weapons/Rogue_weapon_005.png
  artifactKey: Guid(da3944b1a7fbca740b934312a9827421) Importer(815301076,1909f56bfc062723c751e8b465ee728b)
Start importing Assets/Mighty Heroes (Rogue) 2D Fantasy Characters Pack/Weapons/Rogue_weapon_005.png using Guid(da3944b1a7fbca740b934312a9827421) Importer(815301076,1909f56bfc062723c751e8b465ee728b)  -> (artifact id: '287c06f2230bb4a0b9e6d171db838072') in 0.120599 seconds 
========================================================================
Received Import Request.
  Time since last request: 0.000055 seconds.
  path: Assets/My drawings/newja/Sprites/Run/Run__006.png
  artifactKey: Guid(838f857e8a89f3c449f0426bd8e56168) Importer(815301076,1909f56bfc062723c751e8b465ee728b)
Start importing Assets/My drawings/newja/Sprites/Run/Run__006.png using Guid(838f857e8a89f3c449f0426bd8e56168) Importer(815301076,1909f56bfc062723c751e8b465ee728b)  -> (artifact id: 'd538c45dda65c03a3fda8368863d3e87') in 0.043432 seconds 
========================================================================
Received Import Request.
  Time since last request: 78.237835 seconds.
  path: Assets/My drawings/Bar.png
  artifactKey: Guid(25ddc2c443f65b34fb941831a7e865f0) Importer(815301076,1909f56bfc062723c751e8b465ee728b)
Start importing Assets/My drawings/Bar.png using Guid(25ddc2c443f65b34fb941831a7e865f0) Importer(815301076,1909f56bfc062723c751e8b465ee728b)  -> (artifact id: '4deecf4e0518f561550b99d1cde92af1') in 0.020060 seconds 
========================================================================
Received Prepare
Registering precompiled user dll's ...
Registered in 0.009180 seconds.
Begin MonoManager ReloadAssembly
Symbol file LoadedFromMemory doesn't match image C:\Users\humza\OneDrive\Documents\GitHub\ninja-game-new\Library\PackageCache\com.unity.visualscripting@1.7.8\Editor\VisualScripting.Core\Dependencies\YamlDotNet\Unity.VisualScripting.YamlDotNet.dll
Symbol file LoadedFromMemory doesn't match image C:\Users\humza\OneDrive\Documents\GitHub\ninja-game-new\Library\PackageCache\com.unity.visualscripting@1.7.8\Editor\VisualScripting.Core\Dependencies\DotNetZip\Unity.VisualScripting.IonicZip.dll
Native extension for WindowsStandalone target not found
Native extension for iOS target not found
Native extension for Android target not found
Native extension for WebGL target not found
Refreshing native plugins compatible for Editor in 2.85 ms, found 4 plugins.
Preloading 0 native plugins for Editor in 0.00 ms.
Mono: successfully reloaded assembly
- Completed reload, in  1.377 seconds
Domain Reload Profiling:
	ReloadAssembly (1378ms)
		BeginReloadAssembly (131ms)
			ExecutionOrderSort (0ms)
			DisableScriptedObjects (8ms)
			BackupInstance (0ms)
			ReleaseScriptingObjects (0ms)
			CreateAndSetChildDomain (45ms)
		EndReloadAssembly (1144ms)
			LoadAssemblies (86ms)
			RebuildTransferFunctionScriptingTraits (0ms)
			SetupTypeCache (361ms)
			ReleaseScriptCaches (4ms)
			RebuildScriptCaches (67ms)
			SetupLoadedEditorAssemblies (531ms)
				LogAssemblyErrors (0ms)
				InitializePlatformSupportModulesInManaged (44ms)
				SetLoadedEditorAssemblies (1ms)
				RefreshPlugins (3ms)
				BeforeProcessingInitializeOnLoad (104ms)
				ProcessInitializeOnLoadAttributes (304ms)
				ProcessInitializeOnLoadMethodAttributes (68ms)
				AfterProcessingInitializeOnLoad (7ms)
				EditorAssembliesLoaded (0ms)
			ExecutionOrderSort2 (0ms)
			AwakeInstancesAfterBackupRestoration (16ms)
Platform modules already initialized, skipping
Refreshing native plugins compatible for Editor in 3.91 ms, found 4 plugins.
Preloading 0 native plugins for Editor in 0.00 ms.
Unloading 4097 Unused Serialized files (Serialized files now loaded: 0)
Unloading 25 unused Assets / (25.6 KB). Loaded Objects now: 4663.
Memory consumption went from 157.5 MB to 157.4 MB.
Total: 7.953200 ms (FindLiveObjects: 0.970800 ms CreateObjectMapping: 0.235700 ms MarkObjects: 6.678000 ms  DeleteObjects: 0.066400 ms)

AssetImportParameters requested are different than current active one (requested -> active):
  custom:video-decoder-ogg-theora: a1e56fd34408186e4bbccfd4996cb3dc -> 
  custom:container-muxer-webm: aa71ff27fc2769a1b78a27578f13a17b -> 
  custom:container-demuxer-webm: 4f35f7cbe854078d1ac9338744f61a02 -> 
  custom:video-encoder-webm-vp8: eb34c28f22e8b96e1ab97ce403110664 -> 
  custom:video-codec-MediaFoundation-h265: 746d11721c4dcdbdad8f713fa42b33f4 -> 
  custom:audio-encoder-webm-vorbis: bf7c407c2cedff20999df2af8eb42d56 -> 
  custom:framework-win-MediaFoundation: 216162199b28c13a410421893ffa2e32 -> 
  custom:container-demuxer-ogg: 62fdf1f143b41e24485cea50d1cbac27 -> 
  custom:video-decoder-webm-vp8: 9c59270c3fd7afecdb556c50c9e8de78 -> 
  custom:audio-decoder-ogg-vorbis: bf7c407c2cedff20999df2af8eb42d56 -> 
========================================================================
Received Prepare
Registering precompiled user dll's ...
Registered in 0.009195 seconds.
Begin MonoManager ReloadAssembly
Symbol file LoadedFromMemory doesn't match image C:\Users\humza\OneDrive\Documents\GitHub\ninja-game-new\Library\PackageCache\com.unity.visualscripting@1.7.8\Editor\VisualScripting.Core\Dependencies\YamlDotNet\Unity.VisualScripting.YamlDotNet.dll
Symbol file LoadedFromMemory doesn't match image C:\Users\humza\OneDrive\Documents\GitHub\ninja-game-new\Library\PackageCache\com.unity.visualscripting@1.7.8\Editor\VisualScripting.Core\Dependencies\DotNetZip\Unity.VisualScripting.IonicZip.dll
Native extension for WindowsStandalone target not found
Native extension for iOS target not found
Native extension for Android target not found
Native extension for WebGL target not found
Refreshing native plugins compatible for Editor in 1.44 ms, found 4 plugins.
Preloading 0 native plugins for Editor in 0.00 ms.
Mono: successfully reloaded assembly
- Completed reload, in  1.173 seconds
Domain Reload Profiling:
	ReloadAssembly (1174ms)
		BeginReloadAssembly (127ms)
			ExecutionOrderSort (0ms)
			DisableScriptedObjects (7ms)
			BackupInstance (0ms)
			ReleaseScriptingObjects (0ms)
			CreateAndSetChildDomain (43ms)
		EndReloadAssembly (952ms)
			LoadAssemblies (76ms)
			RebuildTransferFunctionScriptingTraits (0ms)
			SetupTypeCache (279ms)
			ReleaseScriptCaches (3ms)
			RebuildScriptCaches (68ms)
			SetupLoadedEditorAssemblies (442ms)
				LogAssemblyErrors (0ms)
				InitializePlatformSupportModulesInManaged (42ms)
				SetLoadedEditorAssemblies (1ms)
				RefreshPlugins (2ms)
				BeforeProcessingInitializeOnLoad (88ms)
				ProcessInitializeOnLoadAttributes (248ms)
				ProcessInitializeOnLoadMethodAttributes (55ms)
				AfterProcessingInitializeOnLoad (6ms)
				EditorAssembliesLoaded (0ms)
			ExecutionOrderSort2 (0ms)
			AwakeInstancesAfterBackupRestoration (10ms)
Platform modules already initialized, skipping
Refreshing native plugins compatible for Editor in 3.59 ms, found 4 plugins.
Preloading 0 native plugins for Editor in 0.00 ms.
Unloading 4097 Unused Serialized files (Serialized files now loaded: 0)
Unloading 25 unused Assets / (24.7 KB). Loaded Objects now: 4666.
Memory consumption went from 157.5 MB to 157.4 MB.
Total: 5.353900 ms (FindLiveObjects: 0.821400 ms CreateObjectMapping: 0.120600 ms MarkObjects: 4.346300 ms  DeleteObjects: 0.063300 ms)

AssetImportParameters requested are different than current active one (requested -> active):
  custom:video-decoder-ogg-theora: a1e56fd34408186e4bbccfd4996cb3dc -> 
  custom:container-muxer-webm: aa71ff27fc2769a1b78a27578f13a17b -> 
  custom:container-demuxer-webm: 4f35f7cbe854078d1ac9338744f61a02 -> 
  custom:video-encoder-webm-vp8: eb34c28f22e8b96e1ab97ce403110664 -> 
  custom:video-codec-MediaFoundation-h265: 746d11721c4dcdbdad8f713fa42b33f4 -> 
  custom:audio-encoder-webm-vorbis: bf7c407c2cedff20999df2af8eb42d56 -> 
  custom:framework-win-MediaFoundation: 216162199b28c13a410421893ffa2e32 -> 
  custom:container-demuxer-ogg: 62fdf1f143b41e24485cea50d1cbac27 -> 
  custom:video-decoder-webm-vp8: 9c59270c3fd7afecdb556c50c9e8de78 -> 
  custom:audio-decoder-ogg-vorbis: bf7c407c2cedff20999df2af8eb42d56 -> 
========================================================================
Received Prepare
Registering precompiled user dll's ...
Registered in 0.006603 seconds.
Begin MonoManager ReloadAssembly
Symbol file LoadedFromMemory doesn't match image C:\Users\humza\OneDrive\Documents\GitHub\ninja-game-new\Library\PackageCache\com.unity.visualscripting@1.7.8\Editor\VisualScripting.Core\Dependencies\YamlDotNet\Unity.VisualScripting.YamlDotNet.dll
Symbol file LoadedFromMemory doesn't match image C:\Users\humza\OneDrive\Documents\GitHub\ninja-game-new\Library\PackageCache\com.unity.visualscripting@1.7.8\Editor\VisualScripting.Core\Dependencies\DotNetZip\Unity.VisualScripting.IonicZip.dll
Native extension for WindowsStandalone target not found
Native extension for iOS target not found
Native extension for Android target not found
Native extension for WebGL target not found
Refreshing native plugins compatible for Editor in 1.52 ms, found 4 plugins.
Preloading 0 native plugins for Editor in 0.00 ms.
Mono: successfully reloaded assembly
- Completed reload, in  1.164 seconds
Domain Reload Profiling:
	ReloadAssembly (1165ms)
		BeginReloadAssembly (120ms)
			ExecutionOrderSort (0ms)
			DisableScriptedObjects (6ms)
			BackupInstance (0ms)
			ReleaseScriptingObjects (0ms)
			CreateAndSetChildDomain (37ms)
		EndReloadAssembly (953ms)
			LoadAssemblies (75ms)
			RebuildTransferFunctionScriptingTraits (0ms)
			SetupTypeCache (292ms)
			ReleaseScriptCaches (2ms)
			RebuildScriptCaches (64ms)
			SetupLoadedEditorAssemblies (439ms)
				LogAssemblyErrors (0ms)
				InitializePlatformSupportModulesInManaged (44ms)
				SetLoadedEditorAssemblies (1ms)
				RefreshPlugins (2ms)
				BeforeProcessingInitializeOnLoad (85ms)
				ProcessInitializeOnLoadAttributes (247ms)
				ProcessInitializeOnLoadMethodAttributes (53ms)
				AfterProcessingInitializeOnLoad (8ms)
				EditorAssembliesLoaded (0ms)
			ExecutionOrderSort2 (0ms)
			AwakeInstancesAfterBackupRestoration (13ms)
Platform modules already initialized, skipping
Refreshing native plugins compatible for Editor in 3.75 ms, found 4 plugins.
Preloading 0 native plugins for Editor in 0.00 ms.
Unloading 4097 Unused Serialized files (Serialized files now loaded: 0)
Unloading 25 unused Assets / (24.7 KB). Loaded Objects now: 4669.
Memory consumption went from 157.5 MB to 157.4 MB.
Total: 5.328000 ms (FindLiveObjects: 0.701200 ms CreateObjectMapping: 0.152200 ms MarkObjects: 4.430600 ms  DeleteObjects: 0.039900 ms)

AssetImportParameters requested are different than current active one (requested -> active):
  custom:video-decoder-ogg-theora: a1e56fd34408186e4bbccfd4996cb3dc -> 
  custom:container-muxer-webm: aa71ff27fc2769a1b78a27578f13a17b -> 
  custom:container-demuxer-webm: 4f35f7cbe854078d1ac9338744f61a02 -> 
  custom:video-encoder-webm-vp8: eb34c28f22e8b96e1ab97ce403110664 -> 
  custom:video-codec-MediaFoundation-h265: 746d11721c4dcdbdad8f713fa42b33f4 -> 
  custom:audio-encoder-webm-vorbis: bf7c407c2cedff20999df2af8eb42d56 -> 
  custom:framework-win-MediaFoundation: 216162199b28c13a410421893ffa2e32 -> 
  custom:container-demuxer-ogg: 62fdf1f143b41e24485cea50d1cbac27 -> 
  custom:video-decoder-webm-vp8: 9c59270c3fd7afecdb556c50c9e8de78 -> 
  custom:audio-decoder-ogg-vorbis: bf7c407c2cedff20999df2af8eb42d56 -> 
========================================================================
Received Prepare
Registering precompiled user dll's ...
Registered in 0.006644 seconds.
Begin MonoManager ReloadAssembly
Symbol file LoadedFromMemory doesn't match image C:\Users\humza\OneDrive\Documents\GitHub\ninja-game-new\Library\PackageCache\com.unity.visualscripting@1.7.8\Editor\VisualScripting.Core\Dependencies\YamlDotNet\Unity.VisualScripting.YamlDotNet.dll
Symbol file LoadedFromMemory doesn't match image C:\Users\humza\OneDrive\Documents\GitHub\ninja-game-new\Library\PackageCache\com.unity.visualscripting@1.7.8\Editor\VisualScripting.Core\Dependencies\DotNetZip\Unity.VisualScripting.IonicZip.dll
Native extension for WindowsStandalone target not found
Native extension for iOS target not found
Native extension for Android target not found
Native extension for WebGL target not found
Refreshing native plugins compatible for Editor in 1.74 ms, found 4 plugins.
Preloading 0 native plugins for Editor in 0.00 ms.
Mono: successfully reloaded assembly
- Completed reload, in  1.235 seconds
Domain Reload Profiling:
	ReloadAssembly (1236ms)
		BeginReloadAssembly (132ms)
			ExecutionOrderSort (0ms)
			DisableScriptedObjects (6ms)
			BackupInstance (0ms)
			ReleaseScriptingObjects (0ms)
			CreateAndSetChildDomain (40ms)
		EndReloadAssembly (987ms)
			LoadAssemblies (103ms)
			RebuildTransferFunctionScriptingTraits (0ms)
			SetupTypeCache (313ms)
			ReleaseScriptCaches (3ms)
			RebuildScriptCaches (63ms)
			SetupLoadedEditorAssemblies (438ms)
				LogAssemblyErrors (0ms)
				InitializePlatformSupportModulesInManaged (38ms)
				SetLoadedEditorAssemblies (1ms)
				RefreshPlugins (2ms)
				BeforeProcessingInitializeOnLoad (92ms)
				ProcessInitializeOnLoadAttributes (248ms)
				ProcessInitializeOnLoadMethodAttributes (51ms)
				AfterProcessingInitializeOnLoad (6ms)
				EditorAssembliesLoaded (0ms)
			ExecutionOrderSort2 (0ms)
			AwakeInstancesAfterBackupRestoration (12ms)
Platform modules already initialized, skipping
Refreshing native plugins compatible for Editor in 3.63 ms, found 4 plugins.
Preloading 0 native plugins for Editor in 0.00 ms.
Unloading 4097 Unused Serialized files (Serialized files now loaded: 0)
Unloading 25 unused Assets / (24.7 KB). Loaded Objects now: 4672.
Memory consumption went from 157.5 MB to 157.5 MB.
Total: 5.241800 ms (FindLiveObjects: 0.517500 ms CreateObjectMapping: 0.112500 ms MarkObjects: 4.474300 ms  DeleteObjects: 0.134300 ms)

AssetImportParameters requested are different than current active one (requested -> active):
  custom:video-decoder-ogg-theora: a1e56fd34408186e4bbccfd4996cb3dc -> 
  custom:container-muxer-webm: aa71ff27fc2769a1b78a27578f13a17b -> 
  custom:container-demuxer-webm: 4f35f7cbe854078d1ac9338744f61a02 -> 
  custom:video-encoder-webm-vp8: eb34c28f22e8b96e1ab97ce403110664 -> 
  custom:video-codec-MediaFoundation-h265: 746d11721c4dcdbdad8f713fa42b33f4 -> 
  custom:audio-encoder-webm-vorbis: bf7c407c2cedff20999df2af8eb42d56 -> 
  custom:framework-win-MediaFoundation: 216162199b28c13a410421893ffa2e32 -> 
  custom:container-demuxer-ogg: 62fdf1f143b41e24485cea50d1cbac27 -> 
  custom:video-decoder-webm-vp8: 9c59270c3fd7afecdb556c50c9e8de78 -> 
  custom:audio-decoder-ogg-vorbis: bf7c407c2cedff20999df2af8eb42d56 -> 
========================================================================
Received Prepare
Registering precompiled user dll's ...
Registered in 0.006647 seconds.
Begin MonoManager ReloadAssembly
Symbol file LoadedFromMemory doesn't match image C:\Users\humza\OneDrive\Documents\GitHub\ninja-game-new\Library\PackageCache\com.unity.visualscripting@1.7.8\Editor\VisualScripting.Core\Dependencies\YamlDotNet\Unity.VisualScripting.YamlDotNet.dll
Symbol file LoadedFromMemory doesn't match image C:\Users\humza\OneDrive\Documents\GitHub\ninja-game-new\Library\PackageCache\com.unity.visualscripting@1.7.8\Editor\VisualScripting.Core\Dependencies\DotNetZip\Unity.VisualScripting.IonicZip.dll
Native extension for WindowsStandalone target not found
Native extension for iOS target not found
Native extension for Android target not found
Native extension for WebGL target not found
Refreshing native plugins compatible for Editor in 2.86 ms, found 4 plugins.
Preloading 0 native plugins for Editor in 0.00 ms.
Mono: successfully reloaded assembly
- Completed reload, in  1.190 seconds
Domain Reload Profiling:
	ReloadAssembly (1191ms)
		BeginReloadAssembly (127ms)
			ExecutionOrderSort (0ms)
			DisableScriptedObjects (7ms)
			BackupInstance (0ms)
			ReleaseScriptingObjects (0ms)
			CreateAndSetChildDomain (40ms)
		EndReloadAssembly (965ms)
			LoadAssemblies (82ms)
			RebuildTransferFunctionScriptingTraits (0ms)
			SetupTypeCache (310ms)
			ReleaseScriptCaches (3ms)
			RebuildScriptCaches (58ms)
			SetupLoadedEditorAssemblies (438ms)
				LogAssemblyErrors (0ms)
				InitializePlatformSupportModulesInManaged (44ms)
				SetLoadedEditorAssemblies (1ms)
				RefreshPlugins (3ms)
				BeforeProcessingInitializeOnLoad (92ms)
				ProcessInitializeOnLoadAttributes (243ms)
				ProcessInitializeOnLoadMethodAttributes (48ms)
				AfterProcessingInitializeOnLoad (6ms)
				EditorAssembliesLoaded (0ms)
			ExecutionOrderSort2 (0ms)
			AwakeInstancesAfterBackupRestoration (10ms)
Platform modules already initialized, skipping
Refreshing native plugins compatible for Editor in 3.51 ms, found 4 plugins.
Preloading 0 native plugins for Editor in 0.00 ms.
Unloading 4097 Unused Serialized files (Serialized files now loaded: 0)
Unloading 25 unused Assets / (25.7 KB). Loaded Objects now: 4675.
Memory consumption went from 157.5 MB to 157.5 MB.
Total: 5.198600 ms (FindLiveObjects: 0.757600 ms CreateObjectMapping: 0.185000 ms MarkObjects: 4.196800 ms  DeleteObjects: 0.057600 ms)

AssetImportParameters requested are different than current active one (requested -> active):
  custom:video-decoder-ogg-theora: a1e56fd34408186e4bbccfd4996cb3dc -> 
  custom:container-muxer-webm: aa71ff27fc2769a1b78a27578f13a17b -> 
  custom:container-demuxer-webm: 4f35f7cbe854078d1ac9338744f61a02 -> 
  custom:video-encoder-webm-vp8: eb34c28f22e8b96e1ab97ce403110664 -> 
  custom:video-codec-MediaFoundation-h265: 746d11721c4dcdbdad8f713fa42b33f4 -> 
  custom:audio-encoder-webm-vorbis: bf7c407c2cedff20999df2af8eb42d56 -> 
  custom:framework-win-MediaFoundation: 216162199b28c13a410421893ffa2e32 -> 
  custom:container-demuxer-ogg: 62fdf1f143b41e24485cea50d1cbac27 -> 
  custom:video-decoder-webm-vp8: 9c59270c3fd7afecdb556c50c9e8de78 -> 
  custom:audio-decoder-ogg-vorbis: bf7c407c2cedff20999df2af8eb42d56 -> 
========================================================================
Received Prepare
Registering precompiled user dll's ...
Registered in 0.006798 seconds.
Begin MonoManager ReloadAssembly
Symbol file LoadedFromMemory doesn't match image C:\Users\humza\OneDrive\Documents\GitHub\ninja-game-new\Library\PackageCache\com.unity.visualscripting@1.7.8\Editor\VisualScripting.Core\Dependencies\YamlDotNet\Unity.VisualScripting.YamlDotNet.dll
Symbol file LoadedFromMemory doesn't match image C:\Users\humza\OneDrive\Documents\GitHub\ninja-game-new\Library\PackageCache\com.unity.visualscripting@1.7.8\Editor\VisualScripting.Core\Dependencies\DotNetZip\Unity.VisualScripting.IonicZip.dll
Native extension for WindowsStandalone target not found
Native extension for iOS target not found
Native extension for Android target not found
Native extension for WebGL target not found
Refreshing native plugins compatible for Editor in 1.62 ms, found 4 plugins.
Preloading 0 native plugins for Editor in 0.00 ms.
Mono: successfully reloaded assembly
- Completed reload, in  1.197 seconds
Domain Reload Profiling:
	ReloadAssembly (1198ms)
		BeginReloadAssembly (126ms)
			ExecutionOrderSort (0ms)
			DisableScriptedObjects (7ms)
			BackupInstance (0ms)
			ReleaseScriptingObjects (0ms)
			CreateAndSetChildDomain (41ms)
		EndReloadAssembly (973ms)
			LoadAssemblies (81ms)
			RebuildTransferFunctionScriptingTraits (0ms)
			SetupTypeCache (295ms)
			ReleaseScriptCaches (2ms)
			RebuildScriptCaches (58ms)
			SetupLoadedEditorAssemblies (454ms)
				LogAssemblyErrors (0ms)
				InitializePlatformSupportModulesInManaged (41ms)
				SetLoadedEditorAssemblies (1ms)
				RefreshPlugins (2ms)
				BeforeProcessingInitializeOnLoad (85ms)
				ProcessInitializeOnLoadAttributes (262ms)
				ProcessInitializeOnLoadMethodAttributes (57ms)
				AfterProcessingInitializeOnLoad (7ms)
				EditorAssembliesLoaded (0ms)
			ExecutionOrderSort2 (0ms)
			AwakeInstancesAfterBackupRestoration (13ms)
Platform modules already initialized, skipping
Refreshing native plugins compatible for Editor in 4.10 ms, found 4 plugins.
Preloading 0 native plugins for Editor in 0.00 ms.
Unloading 4097 Unused Serialized files (Serialized files now loaded: 0)
Unloading 25 unused Assets / (24.6 KB). Loaded Objects now: 4678.
Memory consumption went from 157.5 MB to 157.5 MB.
Total: 4.522500 ms (FindLiveObjects: 0.657000 ms CreateObjectMapping: 0.173700 ms MarkObjects: 3.653100 ms  DeleteObjects: 0.036400 ms)

AssetImportParameters requested are different than current active one (requested -> active):
  custom:video-decoder-ogg-theora: a1e56fd34408186e4bbccfd4996cb3dc -> 
  custom:container-muxer-webm: aa71ff27fc2769a1b78a27578f13a17b -> 
  custom:container-demuxer-webm: 4f35f7cbe854078d1ac9338744f61a02 -> 
  custom:video-encoder-webm-vp8: eb34c28f22e8b96e1ab97ce403110664 -> 
  custom:video-codec-MediaFoundation-h265: 746d11721c4dcdbdad8f713fa42b33f4 -> 
  custom:audio-encoder-webm-vorbis: bf7c407c2cedff20999df2af8eb42d56 -> 
  custom:framework-win-MediaFoundation: 216162199b28c13a410421893ffa2e32 -> 
  custom:container-demuxer-ogg: 62fdf1f143b41e24485cea50d1cbac27 -> 
  custom:video-decoder-webm-vp8: 9c59270c3fd7afecdb556c50c9e8de78 -> 
  custom:audio-decoder-ogg-vorbis: bf7c407c2cedff20999df2af8eb42d56 -> 
========================================================================
Received Prepare
Registering precompiled user dll's ...
Registered in 0.007197 seconds.
Begin MonoManager ReloadAssembly
Symbol file LoadedFromMemory doesn't match image C:\Users\humza\OneDrive\Documents\GitHub\ninja-game-new\Library\PackageCache\com.unity.visualscripting@1.7.8\Editor\VisualScripting.Core\Dependencies\YamlDotNet\Unity.VisualScripting.YamlDotNet.dll
Symbol file LoadedFromMemory doesn't match image C:\Users\humza\OneDrive\Documents\GitHub\ninja-game-new\Library\PackageCache\com.unity.visualscripting@1.7.8\Editor\VisualScripting.Core\Dependencies\DotNetZip\Unity.VisualScripting.IonicZip.dll
Native extension for WindowsStandalone target not found
Native extension for iOS target not found
Native extension for Android target not found
Native extension for WebGL target not found
Refreshing native plugins compatible for Editor in 1.05 ms, found 4 plugins.
Preloading 0 native plugins for Editor in 0.00 ms.
Mono: successfully reloaded assembly
- Completed reload, in  1.204 seconds
Domain Reload Profiling:
	ReloadAssembly (1205ms)
		BeginReloadAssembly (129ms)
			ExecutionOrderSort (0ms)
			DisableScriptedObjects (7ms)
			BackupInstance (0ms)
			ReleaseScriptingObjects (0ms)
			CreateAndSetChildDomain (43ms)
		EndReloadAssembly (970ms)
			LoadAssemblies (79ms)
			RebuildTransferFunctionScriptingTraits (0ms)
			SetupTypeCache (294ms)
			ReleaseScriptCaches (3ms)
			RebuildScriptCaches (62ms)
			SetupLoadedEditorAssemblies (456ms)
				LogAssemblyErrors (0ms)
				InitializePlatformSupportModulesInManaged (41ms)
				SetLoadedEditorAssemblies (1ms)
				RefreshPlugins (1ms)
				BeforeProcessingInitializeOnLoad (89ms)
				ProcessInitializeOnLoadAttributes (259ms)
				ProcessInitializeOnLoadMethodAttributes (57ms)
				AfterProcessingInitializeOnLoad (8ms)
				EditorAssembliesLoaded (0ms)
			ExecutionOrderSort2 (0ms)
			AwakeInstancesAfterBackupRestoration (11ms)
Platform modules already initialized, skipping
Refreshing native plugins compatible for Editor in 3.90 ms, found 4 plugins.
Preloading 0 native plugins for Editor in 0.00 ms.
Unloading 4097 Unused Serialized files (Serialized files now loaded: 0)
Unloading 25 unused Assets / (24.7 KB). Loaded Objects now: 4681.
Memory consumption went from 157.5 MB to 157.5 MB.
Total: 5.892400 ms (FindLiveObjects: 0.853600 ms CreateObjectMapping: 0.158800 ms MarkObjects: 4.812600 ms  DeleteObjects: 0.065100 ms)

AssetImportParameters requested are different than current active one (requested -> active):
  custom:video-decoder-ogg-theora: a1e56fd34408186e4bbccfd4996cb3dc -> 
  custom:container-muxer-webm: aa71ff27fc2769a1b78a27578f13a17b -> 
  custom:container-demuxer-webm: 4f35f7cbe854078d1ac9338744f61a02 -> 
  custom:video-encoder-webm-vp8: eb34c28f22e8b96e1ab97ce403110664 -> 
  custom:video-codec-MediaFoundation-h265: 746d11721c4dcdbdad8f713fa42b33f4 -> 
  custom:audio-encoder-webm-vorbis: bf7c407c2cedff20999df2af8eb42d56 -> 
  custom:framework-win-MediaFoundation: 216162199b28c13a410421893ffa2e32 -> 
  custom:container-demuxer-ogg: 62fdf1f143b41e24485cea50d1cbac27 -> 
  custom:video-decoder-webm-vp8: 9c59270c3fd7afecdb556c50c9e8de78 -> 
  custom:audio-decoder-ogg-vorbis: bf7c407c2cedff20999df2af8eb42d56 -> 
